Using pre-set license
Built from 'HEAD' branch; Version is '2021.3.16f1c1 (56dbfdd6697f) revision 5692413'; Using compiler version '192829333'; Build Type 'Release'
OS: 'Windows 11  (10.0.22621) 64bit Professional' Language: 'zh' Physical Memory: 16167 MB
BatchMode: 1, IsHumanControllingUs: 0, StartBugReporterOnCrash: 0, Is64bit: 1, IsPro: 1

COMMAND LINE ARGUMENTS:
C:\Program Files\Unity\Hub\Editor\2021.3.16f1c1\Editor\Unity.exe
-adb2
-batchMode
-noUpm
-name
AssetImportWorker4
-projectPath
F:/Project/0423_UI大师/UIMaster/UIMasterProject
-logFile
Logs/AssetImportWorker4.log
-srvPort
14930
Successfully changed project path to: F:/Project/0423_UI大师/UIMaster/UIMasterProject
F:/Project/0423_UI大师/UIMaster/UIMasterProject
[UnityMemory] Configuration Parameters - Can be set up in boot.config
    "memorysetup-bucket-allocator-granularity=16"
    "memorysetup-bucket-allocator-bucket-count=8"
    "memorysetup-bucket-allocator-block-size=33554432"
    "memorysetup-bucket-allocator-block-count=8"
    "memorysetup-main-allocator-block-size=16777216"
    "memorysetup-thread-allocator-block-size=16777216"
    "memorysetup-gfx-main-allocator-block-size=16777216"
    "memorysetup-gfx-thread-allocator-block-size=16777216"
    "memorysetup-cache-allocator-block-size=4194304"
    "memorysetup-typetree-allocator-block-size=2097152"
    "memorysetup-profiler-bucket-allocator-granularity=16"
    "memorysetup-profiler-bucket-allocator-bucket-count=8"
    "memorysetup-profiler-bucket-allocator-block-size=33554432"
    "memorysetup-profiler-bucket-allocator-block-count=8"
    "memorysetup-profiler-allocator-block-size=16777216"
    "memorysetup-profiler-editor-allocator-block-size=1048576"
    "memorysetup-temp-allocator-size-main=16777216"
    "memorysetup-job-temp-allocator-block-size=2097152"
    "memorysetup-job-temp-allocator-block-size-background=1048576"
    "memorysetup-job-temp-allocator-reduction-small-platforms=262144"
    "memorysetup-temp-allocator-size-background-worker=32768"
    "memorysetup-temp-allocator-size-job-worker=262144"
    "memorysetup-temp-allocator-size-preload-manager=33554432"
    "memorysetup-temp-allocator-size-nav-mesh-worker=65536"
    "memorysetup-temp-allocator-size-audio-worker=65536"
    "memorysetup-temp-allocator-size-cloud-worker=32768"
    "memorysetup-temp-allocator-size-gi-baking-worker=262144"
    "memorysetup-temp-allocator-size-gfx=262144"
Player connection [33988] Host "[IP] 172.16.20.191 [Port] 0 [Flags] 2 [Guid] 3740144049 [EditorId] 3740144049 [Version] 1048832 [Id] WindowsEditor(7,DESKTOP-098JL91) [Debug] 1 [PackageName] WindowsEditor [ProjectName] Editor" joined multi-casting on [225.0.0.222:54997]...

Player connection [33988] Host "[IP] 172.16.20.191 [Port] 0 [Flags] 2 [Guid] 3740144049 [EditorId] 3740144049 [Version] 1048832 [Id] WindowsEditor(7,DESKTOP-098JL91) [Debug] 1 [PackageName] WindowsEditor [ProjectName] Editor" joined alternative multi-casting on [225.0.0.222:34997]...

AS: AutoStreaming module initializing.
Refreshing native plugins compatible for Editor in 103.84 ms, found 4 plugins.
Preloading 0 native plugins for Editor in 0.00 ms.
Initialize engine version: 2021.3.16f1c1 (56dbfdd6697f)
[Subsystems] Discovering subsystems at path C:/Program Files/Unity/Hub/Editor/2021.3.16f1c1/Editor/Data/Resources/UnitySubsystems
[Subsystems] Discovering subsystems at path F:/Project/0423_UI大师/UIMaster/UIMasterProject/Assets
GfxDevice: creating device client; threaded=0; jobified=0
Direct3D:
    Version:  Direct3D 11.0 [level 11.1]
    Renderer: NVIDIA GeForce RTX 3060 Ti (ID=0x2489)
    Vendor:   NVIDIA
    VRAM:     8038 MB
    Driver:   31.0.15.3713
Initialize mono
Mono path[0] = 'C:/Program Files/Unity/Hub/Editor/2021.3.16f1c1/Editor/Data/Managed'
Mono path[1] = 'C:/Program Files/Unity/Hub/Editor/2021.3.16f1c1/Editor/Data/MonoBleedingEdge/lib/mono/unityjit-win32'
Mono config path = 'C:/Program Files/Unity/Hub/Editor/2021.3.16f1c1/Editor/Data/MonoBleedingEdge/etc'
Using monoOptions --debugger-agent=transport=dt_socket,embedding=1,server=y,suspend=n,address=127.0.0.1:56168
Begin MonoManager ReloadAssembly
Registering precompiled unity dll's ...
Register platform support module: C:/Program Files/Unity/Hub/Editor/2021.3.16f1c1/Editor/Data/PlaybackEngines/AndroidPlayer/UnityEditor.Android.Extensions.dll
Register platform support module: C:/Program Files/Unity/Hub/Editor/2021.3.16f1c1/Editor/Data/PlaybackEngines/WindowsStandaloneSupport/UnityEditor.WindowsStandalone.Extensions.dll
Registered in 0.021858 seconds.
Native extension for WindowsStandalone target not found
Native extension for Android target not found
Refreshing native plugins compatible for Editor in 93.33 ms, found 4 plugins.
Preloading 0 native plugins for Editor in 0.00 ms.
Mono: successfully reloaded assembly
- Completed reload, in  0.788 seconds
Domain Reload Profiling:
	ReloadAssembly (788ms)
		BeginReloadAssembly (131ms)
			ExecutionOrderSort (0ms)
			DisableScriptedObjects (0ms)
			BackupInstance (0ms)
			ReleaseScriptingObjects (0ms)
			CreateAndSetChildDomain (1ms)
		EndReloadAssembly (490ms)
			LoadAssemblies (119ms)
			RebuildTransferFunctionScriptingTraits (0ms)
			SetupTypeCache (108ms)
			ReleaseScriptCaches (0ms)
			RebuildScriptCaches (23ms)
			SetupLoadedEditorAssemblies (289ms)
				LogAssemblyErrors (0ms)
				InitializePlatformSupportModulesInManaged (62ms)
				SetLoadedEditorAssemblies (1ms)
				RefreshPlugins (93ms)
				BeforeProcessingInitializeOnLoad (1ms)
				ProcessInitializeOnLoadAttributes (84ms)
				ProcessInitializeOnLoadMethodAttributes (47ms)
				AfterProcessingInitializeOnLoad (0ms)
				EditorAssembliesLoaded (0ms)
			ExecutionOrderSort2 (0ms)
			AwakeInstancesAfterBackupRestoration (0ms)
Platform modules already initialized, skipping
Registering precompiled user dll's ...
Registered in 0.023516 seconds.
Begin MonoManager ReloadAssembly
Symbol file LoadedFromMemory doesn't match image F:\Project\0423_UI大师\UIMaster\UIMasterProject\Library\PackageCache\com.unity.visualscripting@1.7.8\Editor\VisualScripting.Core\Dependencies\YamlDotNet\Unity.VisualScripting.YamlDotNet.dll
Symbol file LoadedFromMemory doesn't match image F:\Project\0423_UI大师\UIMaster\UIMasterProject\Library\PackageCache\com.unity.visualscripting@1.7.8\Editor\VisualScripting.Core\Dependencies\DotNetZip\Unity.VisualScripting.IonicZip.dll
Native extension for WindowsStandalone target not found
Native extension for Android target not found
Refreshing native plugins compatible for Editor in 100.06 ms, found 4 plugins.
Preloading 0 native plugins for Editor in 0.00 ms.
Mono: successfully reloaded assembly
- Completed reload, in  1.769 seconds
Domain Reload Profiling:
	ReloadAssembly (1770ms)
		BeginReloadAssembly (363ms)
			ExecutionOrderSort (0ms)
			DisableScriptedObjects (5ms)
			BackupInstance (0ms)
			ReleaseScriptingObjects (0ms)
			CreateAndSetChildDomain (234ms)
		EndReloadAssembly (1252ms)
			LoadAssemblies (142ms)
			RebuildTransferFunctionScriptingTraits (0ms)
			SetupTypeCache (260ms)
			ReleaseScriptCaches (1ms)
			RebuildScriptCaches (55ms)
			SetupLoadedEditorAssemblies (740ms)
				LogAssemblyErrors (0ms)
				InitializePlatformSupportModulesInManaged (21ms)
				SetLoadedEditorAssemblies (0ms)
				RefreshPlugins (100ms)
				BeforeProcessingInitializeOnLoad (119ms)
				ProcessInitializeOnLoadAttributes (372ms)
				ProcessInitializeOnLoadMethodAttributes (91ms)
				AfterProcessingInitializeOnLoad (37ms)
				EditorAssembliesLoaded (0ms)
			ExecutionOrderSort2 (0ms)
			AwakeInstancesAfterBackupRestoration (13ms)
Platform modules already initialized, skipping
========================================================================
Worker process is ready to serve import requests
Launched and connected shader compiler UnityShaderCompiler.exe after 0.09 seconds
Refreshing native plugins compatible for Editor in 1.09 ms, found 4 plugins.
Preloading 0 native plugins for Editor in 0.00 ms.
Unloading 5048 Unused Serialized files (Serialized files now loaded: 0)
Unloading 45 unused Assets / (201.0 KB). Loaded Objects now: 5505.
Memory consumption went from 183.1 MB to 182.9 MB.
Total: 4.015500 ms (FindLiveObjects: 0.386900 ms CreateObjectMapping: 0.151700 ms MarkObjects: 3.309500 ms  DeleteObjects: 0.165000 ms)

AssetImportParameters requested are different than current active one (requested -> active):
  custom:video-decoder-ogg-theora: a1e56fd34408186e4bbccfd4996cb3dc -> 
  custom:container-muxer-webm: aa71ff27fc2769a1b78a27578f13a17b -> 
  custom:container-demuxer-webm: 4f35f7cbe854078d1ac9338744f61a02 -> 
  custom:video-encoder-webm-vp8: eb34c28f22e8b96e1ab97ce403110664 -> 
  custom:audio-encoder-webm-vorbis: bf7c407c2cedff20999df2af8eb42d56 -> 
  custom:framework-win-MediaFoundation: 216162199b28c13a410421893ffa2e32 -> 
  custom:SearchIndexIgnoredProperties: e643bd26f0fe6173181afceb89e7c659 -> 
  custom:container-demuxer-ogg: 62fdf1f143b41e24485cea50d1cbac27 -> 
  custom:video-decoder-webm-vp8: 9c59270c3fd7afecdb556c50c9e8de78 -> 
  custom:audio-decoder-ogg-vorbis: bf7c407c2cedff20999df2af8eb42d56 -> 
========================================================================
Received Import Request.
  Time since last request: 9163.685607 seconds.
  path: Assets/UI-Master/2.Prefabs/3.Button/MainMenu/P_But_MainMenu.prefab
  artifactKey: Guid(52c1b2e82b876f44892895bfe20e398a) Importer(2089858483,0ecaa5967403d082aa24f35e1b516d23)
Start importing Assets/UI-Master/2.Prefabs/3.Button/MainMenu/P_But_MainMenu.prefab using Guid(52c1b2e82b876f44892895bfe20e398a) Importer(2089858483,0ecaa5967403d082aa24f35e1b516d23) Generated GUIDs only implemented for interfaces!
 -> (artifact id: 'cb635a4fb47fe8f78249ab38c0bc8198') in 0.228654 seconds 
========================================================================
Received Import Request.
  Time since last request: 9.385111 seconds.
  path: Assets/UI-Master/2.Prefabs/3.Button/MainMenu/P_But_MainMenu.prefab
  artifactKey: Guid(52c1b2e82b876f44892895bfe20e398a) Importer(2089858483,0ecaa5967403d082aa24f35e1b516d23)
Start importing Assets/UI-Master/2.Prefabs/3.Button/MainMenu/P_But_MainMenu.prefab using Guid(52c1b2e82b876f44892895bfe20e398a) Importer(2089858483,0ecaa5967403d082aa24f35e1b516d23) Generated GUIDs only implemented for interfaces!
 -> (artifact id: '80cf27e76ecf210a949df6c4e2a71d51') in 0.083157 seconds 
========================================================================
Received Import Request.
  Time since last request: 10.981877 seconds.
  path: Assets/UI-Master/8.Data/Localization/UITable Shared Data.asset
  artifactKey: Guid(51f5245bc279b9c40a2a4dbf73a9fa58) Importer(2089858483,0ecaa5967403d082aa24f35e1b516d23)
Start importing Assets/UI-Master/8.Data/Localization/UITable Shared Data.asset using Guid(51f5245bc279b9c40a2a4dbf73a9fa58) Importer(2089858483,0ecaa5967403d082aa24f35e1b516d23) Generated GUIDs only implemented for interfaces!
 -> (artifact id: 'c15318690e27cdece1ad61eec424a618') in 0.029856 seconds 
========================================================================
Received Import Request.
  Time since last request: 3.474415 seconds.
  path: Assets/UI-Master/8.Data/Localization/UITable Shared Data.asset
  artifactKey: Guid(51f5245bc279b9c40a2a4dbf73a9fa58) Importer(2089858483,0ecaa5967403d082aa24f35e1b516d23)
Start importing Assets/UI-Master/8.Data/Localization/UITable Shared Data.asset using Guid(51f5245bc279b9c40a2a4dbf73a9fa58) Importer(2089858483,0ecaa5967403d082aa24f35e1b516d23) Generated GUIDs only implemented for interfaces!
 -> (artifact id: '489d7017cc613769a45af6629126e409') in 0.006854 seconds 
========================================================================
Received Import Request.
  Time since last request: 38.062343 seconds.
  path: Assets/UI-Master/8.Data/Localization/UITable Shared Data.asset
  artifactKey: Guid(51f5245bc279b9c40a2a4dbf73a9fa58) Importer(2089858483,0ecaa5967403d082aa24f35e1b516d23)
Start importing Assets/UI-Master/8.Data/Localization/UITable Shared Data.asset using Guid(51f5245bc279b9c40a2a4dbf73a9fa58) Importer(2089858483,0ecaa5967403d082aa24f35e1b516d23) Generated GUIDs only implemented for interfaces!
 -> (artifact id: 'f5a8ddf58f0904ad41af71334a3772f7') in 0.007152 seconds 
========================================================================
Received Import Request.
  Time since last request: 14.103426 seconds.
  path: Assets/UI-Master/8.Data/Localization/UITable_ja.asset
  artifactKey: Guid(b43c79cfd89b2b44eb9922471230a134) Importer(2089858483,0ecaa5967403d082aa24f35e1b516d23)
Start importing Assets/UI-Master/8.Data/Localization/UITable_ja.asset using Guid(b43c79cfd89b2b44eb9922471230a134) Importer(2089858483,0ecaa5967403d082aa24f35e1b516d23) Generated GUIDs only implemented for interfaces!
 -> (artifact id: '1d3430f0f21a4f58b7b73c47e1e64ce8') in 0.012684 seconds 
========================================================================
Received Import Request.
  Time since last request: 30.234666 seconds.
  path: Assets/UI-Master/8.Data/Localization/UITable_ja.asset
  artifactKey: Guid(b43c79cfd89b2b44eb9922471230a134) Importer(2089858483,0ecaa5967403d082aa24f35e1b516d23)
Start importing Assets/UI-Master/8.Data/Localization/UITable_ja.asset using Guid(b43c79cfd89b2b44eb9922471230a134) Importer(2089858483,0ecaa5967403d082aa24f35e1b516d23) Generated GUIDs only implemented for interfaces!
 -> (artifact id: '84b928415f3a6fe14ebf9588eea45e4f') in 0.006619 seconds 
========================================================================
Received Import Request.
  Time since last request: 0.000028 seconds.
  path: Assets/UI-Master/8.Data/Localization/UITable_zh.asset
  artifactKey: Guid(caea6143f7e297c48bc4fd19efe54735) Importer(2089858483,0ecaa5967403d082aa24f35e1b516d23)
Start importing Assets/UI-Master/8.Data/Localization/UITable_zh.asset using Guid(caea6143f7e297c48bc4fd19efe54735) Importer(2089858483,0ecaa5967403d082aa24f35e1b516d23) Generated GUIDs only implemented for interfaces!
 -> (artifact id: 'c733f313a20e0d02b9f9681bd19ac87c') in 0.006541 seconds 
========================================================================
Received Import Request.
  Time since last request: 0.000030 seconds.
  path: Assets/UI-Master/8.Data/Localization/UITable_en-US.asset
  artifactKey: Guid(7a0c73e2741ad1345b61982b904aadf8) Importer(2089858483,0ecaa5967403d082aa24f35e1b516d23)
Start importing Assets/UI-Master/8.Data/Localization/UITable_en-US.asset using Guid(7a0c73e2741ad1345b61982b904aadf8) Importer(2089858483,0ecaa5967403d082aa24f35e1b516d23) Generated GUIDs only implemented for interfaces!
 -> (artifact id: '1d57929da9a87f433c16f026553f8e72') in 0.006808 seconds 
========================================================================
Received Import Request.
  Time since last request: 24.072137 seconds.
  path: Assets/UI-Master/2.Prefabs/2.Panel/MainMenu/P_MainMenuPanel.prefab
  artifactKey: Guid(6556935da0f4fd84eafa5f2eed8c820d) Importer(2089858483,0ecaa5967403d082aa24f35e1b516d23)
Start importing Assets/UI-Master/2.Prefabs/2.Panel/MainMenu/P_MainMenuPanel.prefab using Guid(6556935da0f4fd84eafa5f2eed8c820d) Importer(2089858483,0ecaa5967403d082aa24f35e1b516d23) Generated GUIDs only implemented for interfaces!
 -> (artifact id: '3cac8bc26ca11405e1c8dfeb8aad32b0') in 0.069714 seconds 
========================================================================
Received Import Request.
  Time since last request: 22.439882 seconds.
  path: Assets/UI-Master/8.Data/Localization/UITable_ja.asset
  artifactKey: Guid(b43c79cfd89b2b44eb9922471230a134) Importer(2089858483,0ecaa5967403d082aa24f35e1b516d23)
Start importing Assets/UI-Master/8.Data/Localization/UITable_ja.asset using Guid(b43c79cfd89b2b44eb9922471230a134) Importer(2089858483,0ecaa5967403d082aa24f35e1b516d23) Generated GUIDs only implemented for interfaces!
 -> (artifact id: '33c7033df172d544208939c361d05900') in 0.009036 seconds 
========================================================================
Received Import Request.
  Time since last request: 0.000029 seconds.
  path: Assets/UI-Master/8.Data/Localization/UITable_en-US.asset
  artifactKey: Guid(7a0c73e2741ad1345b61982b904aadf8) Importer(2089858483,0ecaa5967403d082aa24f35e1b516d23)
Start importing Assets/UI-Master/8.Data/Localization/UITable_en-US.asset using Guid(7a0c73e2741ad1345b61982b904aadf8) Importer(2089858483,0ecaa5967403d082aa24f35e1b516d23) Generated GUIDs only implemented for interfaces!
 -> (artifact id: '49071f0b4e19adc39137fb988d2bf16b') in 0.007538 seconds 
========================================================================
Received Import Request.
  Time since last request: 16.597307 seconds.
  path: Assets/UI-Master/8.Data/Localization/UITable Shared Data.asset
  artifactKey: Guid(51f5245bc279b9c40a2a4dbf73a9fa58) Importer(2089858483,0ecaa5967403d082aa24f35e1b516d23)
Start importing Assets/UI-Master/8.Data/Localization/UITable Shared Data.asset using Guid(51f5245bc279b9c40a2a4dbf73a9fa58) Importer(2089858483,0ecaa5967403d082aa24f35e1b516d23) Generated GUIDs only implemented for interfaces!
 -> (artifact id: 'c153778694b6c2e72165f2ba31142bee') in 0.006253 seconds 
========================================================================
Received Import Request.
  Time since last request: 7.772233 seconds.
  path: Assets/UI-Master/8.Data/Localization/UITable Shared Data.asset
  artifactKey: Guid(51f5245bc279b9c40a2a4dbf73a9fa58) Importer(2089858483,0ecaa5967403d082aa24f35e1b516d23)
Start importing Assets/UI-Master/8.Data/Localization/UITable Shared Data.asset using Guid(51f5245bc279b9c40a2a4dbf73a9fa58) Importer(2089858483,0ecaa5967403d082aa24f35e1b516d23) Generated GUIDs only implemented for interfaces!
 -> (artifact id: 'b945d4cf32a6008d703af35c2cfbf190') in 0.005438 seconds 
========================================================================
Received Import Request.
  Time since last request: 12.377713 seconds.
  path: Assets/UI-Master/8.Data/Localization/UITable Shared Data.asset
  artifactKey: Guid(51f5245bc279b9c40a2a4dbf73a9fa58) Importer(2089858483,0ecaa5967403d082aa24f35e1b516d23)
Start importing Assets/UI-Master/8.Data/Localization/UITable Shared Data.asset using Guid(51f5245bc279b9c40a2a4dbf73a9fa58) Importer(2089858483,0ecaa5967403d082aa24f35e1b516d23) Generated GUIDs only implemented for interfaces!
 -> (artifact id: '33682e16b11c85093e31856bee8b2faa') in 0.006242 seconds 
========================================================================
Received Import Request.
  Time since last request: 16.380092 seconds.
  path: Assets/UI-Master/8.Data/Localization/UITable Shared Data.asset
  artifactKey: Guid(51f5245bc279b9c40a2a4dbf73a9fa58) Importer(2089858483,0ecaa5967403d082aa24f35e1b516d23)
Start importing Assets/UI-Master/8.Data/Localization/UITable Shared Data.asset using Guid(51f5245bc279b9c40a2a4dbf73a9fa58) Importer(2089858483,0ecaa5967403d082aa24f35e1b516d23) Generated GUIDs only implemented for interfaces!
 -> (artifact id: 'e8c384f35d24ad26dc063ec53c5cc3e1') in 0.005790 seconds 
========================================================================
Received Import Request.
  Time since last request: 10.033403 seconds.
  path: Assets/UI-Master/8.Data/Localization/UITable Shared Data.asset
  artifactKey: Guid(51f5245bc279b9c40a2a4dbf73a9fa58) Importer(2089858483,0ecaa5967403d082aa24f35e1b516d23)
Start importing Assets/UI-Master/8.Data/Localization/UITable Shared Data.asset using Guid(51f5245bc279b9c40a2a4dbf73a9fa58) Importer(2089858483,0ecaa5967403d082aa24f35e1b516d23) Generated GUIDs only implemented for interfaces!
 -> (artifact id: 'b2a93f892e2a171cd0d52dd0b69f7d4e') in 0.006878 seconds 
========================================================================
Received Import Request.
  Time since last request: 9.458531 seconds.
  path: Assets/UI-Master/8.Data/Localization/UITable Shared Data.asset
  artifactKey: Guid(51f5245bc279b9c40a2a4dbf73a9fa58) Importer(2089858483,0ecaa5967403d082aa24f35e1b516d23)
Start importing Assets/UI-Master/8.Data/Localization/UITable Shared Data.asset using Guid(51f5245bc279b9c40a2a4dbf73a9fa58) Importer(2089858483,0ecaa5967403d082aa24f35e1b516d23) Generated GUIDs only implemented for interfaces!
 -> (artifact id: 'bc8bf16fa14c03e4e3bab695b137e3c2') in 0.005995 seconds 
========================================================================
Received Import Request.
  Time since last request: 4.586653 seconds.
  path: Assets/UI-Master/2.Prefabs/2.Panel/MainMenu/P_MainMenuPanel.prefab
  artifactKey: Guid(6556935da0f4fd84eafa5f2eed8c820d) Importer(2089858483,0ecaa5967403d082aa24f35e1b516d23)
Start importing Assets/UI-Master/2.Prefabs/2.Panel/MainMenu/P_MainMenuPanel.prefab using Guid(6556935da0f4fd84eafa5f2eed8c820d) Importer(2089858483,0ecaa5967403d082aa24f35e1b516d23) Generated GUIDs only implemented for interfaces!
 -> (artifact id: '822eec17df9d675b18185308b689f3db') in 0.067084 seconds 
========================================================================
Received Import Request.
  Time since last request: 5.160895 seconds.
  path: Assets/UI-Master/8.Data/Localization/UITable Shared Data.asset
  artifactKey: Guid(51f5245bc279b9c40a2a4dbf73a9fa58) Importer(2089858483,0ecaa5967403d082aa24f35e1b516d23)
Start importing Assets/UI-Master/8.Data/Localization/UITable Shared Data.asset using Guid(51f5245bc279b9c40a2a4dbf73a9fa58) Importer(2089858483,0ecaa5967403d082aa24f35e1b516d23) Generated GUIDs only implemented for interfaces!
 -> (artifact id: 'ec794f8d817c5dc8f2028a9d940015a7') in 0.007050 seconds 
========================================================================
Received Import Request.
  Time since last request: 4.737206 seconds.
  path: Assets/UI-Master/2.Prefabs/2.Panel/MainMenu/P_MainMenuPanel.prefab
  artifactKey: Guid(6556935da0f4fd84eafa5f2eed8c820d) Importer(2089858483,0ecaa5967403d082aa24f35e1b516d23)
Start importing Assets/UI-Master/2.Prefabs/2.Panel/MainMenu/P_MainMenuPanel.prefab using Guid(6556935da0f4fd84eafa5f2eed8c820d) Importer(2089858483,0ecaa5967403d082aa24f35e1b516d23) Generated GUIDs only implemented for interfaces!
 -> (artifact id: 'd7d5bcf8b92084f3dc4dc2c9730b3ae6') in 0.068929 seconds 
========================================================================
Received Import Request.
  Time since last request: 9.596016 seconds.
  path: Assets/UI-Master/8.Data/Localization/UITable Shared Data.asset
  artifactKey: Guid(51f5245bc279b9c40a2a4dbf73a9fa58) Importer(2089858483,0ecaa5967403d082aa24f35e1b516d23)
Start importing Assets/UI-Master/8.Data/Localization/UITable Shared Data.asset using Guid(51f5245bc279b9c40a2a4dbf73a9fa58) Importer(2089858483,0ecaa5967403d082aa24f35e1b516d23) Generated GUIDs only implemented for interfaces!
 -> (artifact id: '5fddb9618a02fe428e8a3d3e5aa384d9') in 0.006960 seconds 
========================================================================
Received Import Request.
  Time since last request: 3.930290 seconds.
  path: Assets/UI-Master/2.Prefabs/2.Panel/MainMenu/P_MainMenuPanel.prefab
  artifactKey: Guid(6556935da0f4fd84eafa5f2eed8c820d) Importer(2089858483,0ecaa5967403d082aa24f35e1b516d23)
Start importing Assets/UI-Master/2.Prefabs/2.Panel/MainMenu/P_MainMenuPanel.prefab using Guid(6556935da0f4fd84eafa5f2eed8c820d) Importer(2089858483,0ecaa5967403d082aa24f35e1b516d23) Generated GUIDs only implemented for interfaces!
 -> (artifact id: '9ed3f590c2330d805b9ef98209845c07') in 0.078687 seconds 
========================================================================
Received Import Request.
  Time since last request: 10.519630 seconds.
  path: Assets/UI-Master/8.Data/Localization/UITable Shared Data.asset
  artifactKey: Guid(51f5245bc279b9c40a2a4dbf73a9fa58) Importer(2089858483,0ecaa5967403d082aa24f35e1b516d23)
Start importing Assets/UI-Master/8.Data/Localization/UITable Shared Data.asset using Guid(51f5245bc279b9c40a2a4dbf73a9fa58) Importer(2089858483,0ecaa5967403d082aa24f35e1b516d23) Generated GUIDs only implemented for interfaces!
 -> (artifact id: 'bc230310af6b2afd85de8cd398ca1a47') in 0.006681 seconds 
========================================================================
Received Import Request.
  Time since last request: 5.406046 seconds.
  path: Assets/UI-Master/2.Prefabs/2.Panel/MainMenu/P_MainMenuPanel.prefab
  artifactKey: Guid(6556935da0f4fd84eafa5f2eed8c820d) Importer(2089858483,0ecaa5967403d082aa24f35e1b516d23)
Start importing Assets/UI-Master/2.Prefabs/2.Panel/MainMenu/P_MainMenuPanel.prefab using Guid(6556935da0f4fd84eafa5f2eed8c820d) Importer(2089858483,0ecaa5967403d082aa24f35e1b516d23) Generated GUIDs only implemented for interfaces!
 -> (artifact id: 'b62b26ddc3ce7bfac18680ff10a35527') in 0.070886 seconds 
========================================================================
Received Import Request.
  Time since last request: 8.221225 seconds.
  path: Assets/UI-Master/8.Data/Localization/UITable Shared Data.asset
  artifactKey: Guid(51f5245bc279b9c40a2a4dbf73a9fa58) Importer(2089858483,0ecaa5967403d082aa24f35e1b516d23)
Start importing Assets/UI-Master/8.Data/Localization/UITable Shared Data.asset using Guid(51f5245bc279b9c40a2a4dbf73a9fa58) Importer(2089858483,0ecaa5967403d082aa24f35e1b516d23) Generated GUIDs only implemented for interfaces!
 -> (artifact id: 'b138873b15bfbb606c4b9cb9fc2fd7e5') in 0.005937 seconds 
========================================================================
Received Import Request.
  Time since last request: 75.406123 seconds.
  path: Assets/UI-Master/8.Data/Localization/French (fr).asset
  artifactKey: Guid(c3fba866a9cffa449ab15a91ad346da1) Importer(2089858483,0ecaa5967403d082aa24f35e1b516d23)
Start importing Assets/UI-Master/8.Data/Localization/French (fr).asset using Guid(c3fba866a9cffa449ab15a91ad346da1) Importer(2089858483,0ecaa5967403d082aa24f35e1b516d23) Generated GUIDs only implemented for interfaces!
 -> (artifact id: '458c366b4ce5ee93bc8bcb415f55cd97') in 0.009327 seconds 
========================================================================
Received Import Request.
  Time since last request: 32.677431 seconds.
  path: Assets/UI-Master/8.Data/Localization/UITable_zh-TW.asset
  artifactKey: Guid(012173b9f86c8444b9fc69dbd8404f0b) Importer(2089858483,0ecaa5967403d082aa24f35e1b516d23)
Start importing Assets/UI-Master/8.Data/Localization/UITable_zh-TW.asset using Guid(012173b9f86c8444b9fc69dbd8404f0b) Importer(2089858483,0ecaa5967403d082aa24f35e1b516d23) Generated GUIDs only implemented for interfaces!
 -> (artifact id: 'c3bb752eef2ed4f0b6c8fa5d8af1e71f') in 0.009894 seconds 
========================================================================
Received Import Request.
  Time since last request: 0.021745 seconds.
  path: Assets/AddressableAssetsData/AssetGroups/Localization-Locales.asset
  artifactKey: Guid(b7cb4314feb257c41bf270e78289492b) Importer(2089858483,0ecaa5967403d082aa24f35e1b516d23)
Start importing Assets/AddressableAssetsData/AssetGroups/Localization-Locales.asset using Guid(b7cb4314feb257c41bf270e78289492b) Importer(2089858483,0ecaa5967403d082aa24f35e1b516d23) Generated GUIDs only implemented for interfaces!
 -> (artifact id: '88571d66563ca1b0ecfac9f2e5ce57fe') in 0.030815 seconds 
========================================================================
Received Import Request.
  Time since last request: 0.000034 seconds.
  path: Assets/AddressableAssetsData/AssetGroups/Schemas/Localization-String-Tables-Chinese (Traditional) (zh-TW)_BundledAssetGroupSchema.asset
  artifactKey: Guid(178fdb7779976d64abb23e5c7fe645d4) Importer(2089858483,0ecaa5967403d082aa24f35e1b516d23)
Start importing Assets/AddressableAssetsData/AssetGroups/Schemas/Localization-String-Tables-Chinese (Traditional) (zh-TW)_BundledAssetGroupSchema.asset using Guid(178fdb7779976d64abb23e5c7fe645d4) Importer(2089858483,0ecaa5967403d082aa24f35e1b516d23) Generated GUIDs only implemented for interfaces!
 -> (artifact id: '22996282668891b79302f92d5da079ac') in 0.015747 seconds 
========================================================================
Received Import Request.
  Time since last request: 2.296495 seconds.
  path: Assets/UI-Master/8.Data/Localization/UITable_fr.asset
  artifactKey: Guid(ea41fed91988c974cb62cb115dcd0e86) Importer(2089858483,0ecaa5967403d082aa24f35e1b516d23)
Start importing Assets/UI-Master/8.Data/Localization/UITable_fr.asset using Guid(ea41fed91988c974cb62cb115dcd0e86) Importer(2089858483,0ecaa5967403d082aa24f35e1b516d23) Generated GUIDs only implemented for interfaces!
 -> (artifact id: '1fe3f8b9889059b7ba32182e01a8a283') in 0.007143 seconds 
========================================================================
Received Import Request.
  Time since last request: 0.000027 seconds.
  path: Assets/UI-Master/8.Data/Localization/UITable.asset
  artifactKey: Guid(0d1c436b72b839a40b84290351645b13) Importer(2089858483,0ecaa5967403d082aa24f35e1b516d23)
Start importing Assets/UI-Master/8.Data/Localization/UITable.asset using Guid(0d1c436b72b839a40b84290351645b13) Importer(2089858483,0ecaa5967403d082aa24f35e1b516d23) Generated GUIDs only implemented for interfaces!
 -> (artifact id: 'e07504ef6f960e6e11a23391f10fcdd7') in 0.010884 seconds 
========================================================================
Received Import Request.
  Time since last request: 0.000033 seconds.
  path: Assets/AddressableAssetsData/AssetGroups/Localization-String-Tables-Chinese (Traditional) (zh-TW).asset
  artifactKey: Guid(e272107af24034041b053dc67981f567) Importer(2089858483,0ecaa5967403d082aa24f35e1b516d23)
Start importing Assets/AddressableAssetsData/AssetGroups/Localization-String-Tables-Chinese (Traditional) (zh-TW).asset using Guid(e272107af24034041b053dc67981f567) Importer(2089858483,0ecaa5967403d082aa24f35e1b516d23) Generated GUIDs only implemented for interfaces!
 -> (artifact id: '019204836ee779f56909199aff95fd7b') in 0.013013 seconds 
========================================================================
Received Import Request.
  Time since last request: 0.000023 seconds.
  path: Assets/AddressableAssetsData/AddressableAssetSettings.asset
  artifactKey: Guid(10e588bae2575bb42bb794118c243d44) Importer(2089858483,0ecaa5967403d082aa24f35e1b516d23)
Start importing Assets/AddressableAssetsData/AddressableAssetSettings.asset using Guid(10e588bae2575bb42bb794118c243d44) Importer(2089858483,0ecaa5967403d082aa24f35e1b516d23) Generated GUIDs only implemented for interfaces!
 -> (artifact id: '41d86e16d520f4e6da2bce351e3166ad') in 0.027989 seconds 
========================================================================
Received Import Request.
  Time since last request: 0.000021 seconds.
  path: Assets/AddressableAssetsData/AssetGroups/Schemas/Localization-String-Tables-Chinese (Traditional) (zh-TW)_BundledAssetGroupSchema.asset
  artifactKey: Guid(178fdb7779976d64abb23e5c7fe645d4) Importer(2089858483,0ecaa5967403d082aa24f35e1b516d23)
Start importing Assets/AddressableAssetsData/AssetGroups/Schemas/Localization-String-Tables-Chinese (Traditional) (zh-TW)_BundledAssetGroupSchema.asset using Guid(178fdb7779976d64abb23e5c7fe645d4) Importer(2089858483,0ecaa5967403d082aa24f35e1b516d23) Generated GUIDs only implemented for interfaces!
 -> (artifact id: '25713224498798126fa90ea7d969fc33') in 0.021535 seconds 
========================================================================
Received Import Request.
  Time since last request: 32.787881 seconds.
  path: Assets/UI-Master/2.Prefabs/2.Panel/MainMenu/P_MainMenuPanel.prefab
  artifactKey: Guid(6556935da0f4fd84eafa5f2eed8c820d) Importer(2089858483,0ecaa5967403d082aa24f35e1b516d23)
Start importing Assets/UI-Master/2.Prefabs/2.Panel/MainMenu/P_MainMenuPanel.prefab using Guid(6556935da0f4fd84eafa5f2eed8c820d) Importer(2089858483,0ecaa5967403d082aa24f35e1b516d23) Generated GUIDs only implemented for interfaces!
 -> (artifact id: '693864c2fe9d760b37380e34896f0b7e') in 0.069808 seconds 
========================================================================
Received Import Request.
  Time since last request: 9.736819 seconds.
  path: Assets/UI-Master/8.Data/Localization/UITable Shared Data.asset
  artifactKey: Guid(51f5245bc279b9c40a2a4dbf73a9fa58) Importer(2089858483,0ecaa5967403d082aa24f35e1b516d23)
Start importing Assets/UI-Master/8.Data/Localization/UITable Shared Data.asset using Guid(51f5245bc279b9c40a2a4dbf73a9fa58) Importer(2089858483,0ecaa5967403d082aa24f35e1b516d23) Generated GUIDs only implemented for interfaces!
 -> (artifact id: 'ab498f896e4038630ab18d1132bb0ef3') in 0.007243 seconds 
========================================================================
Received Import Request.
  Time since last request: 0.000022 seconds.
  path: Assets/AddressableAssetsData/AssetGroups/Schemas/Localization-String-Tables-French (fr)_BundledAssetGroupSchema.asset
  artifactKey: Guid(abbf9c8e4eaeaf74490e451564ae863d) Importer(2089858483,0ecaa5967403d082aa24f35e1b516d23)
Start importing Assets/AddressableAssetsData/AssetGroups/Schemas/Localization-String-Tables-French (fr)_BundledAssetGroupSchema.asset using Guid(abbf9c8e4eaeaf74490e451564ae863d) Importer(2089858483,0ecaa5967403d082aa24f35e1b516d23) Generated GUIDs only implemented for interfaces!
 -> (artifact id: '84ce1511144990900695305c18355623') in 0.021314 seconds 
========================================================================
Received Import Request.
  Time since last request: 42.613232 seconds.
  path: Assets/UI-Master/8.Data/Localization/Sources/UILocalization.csv
  artifactKey: Guid(c10aa2e2b60ad7545b8a9739e2199082) Importer(815301076,1909f56bfc062723c751e8b465ee728b)
Start importing Assets/UI-Master/8.Data/Localization/Sources/UILocalization.csv using Guid(c10aa2e2b60ad7545b8a9739e2199082) Importer(815301076,1909f56bfc062723c751e8b465ee728b)  -> (artifact id: '80d1f3a8154341a0bf4a00b4d3ffe806') in 0.017975 seconds 
========================================================================
Received Import Request.
  Time since last request: 0.963331 seconds.
  path: Assets/UI-Master/8.Data/Localization/Sources/UILocalization.csv
  artifactKey: Guid(c10aa2e2b60ad7545b8a9739e2199082) Importer(2089858483,0ecaa5967403d082aa24f35e1b516d23)
Start importing Assets/UI-Master/8.Data/Localization/Sources/UILocalization.csv using Guid(c10aa2e2b60ad7545b8a9739e2199082) Importer(2089858483,0ecaa5967403d082aa24f35e1b516d23) Generated GUIDs only implemented for interfaces!
 -> (artifact id: '171d060703541853ca397c037205793f') in 0.005989 seconds 
========================================================================
Received Import Request.
  Time since last request: 89.081998 seconds.
  path: Assets/UI-Master/8.Data/Localization/Sources/UILocalization.csv
  artifactKey: Guid(c10aa2e2b60ad7545b8a9739e2199082) Importer(815301076,1909f56bfc062723c751e8b465ee728b)
Start importing Assets/UI-Master/8.Data/Localization/Sources/UILocalization.csv using Guid(c10aa2e2b60ad7545b8a9739e2199082) Importer(815301076,1909f56bfc062723c751e8b465ee728b)  -> (artifact id: '85f4935cadc1b81dc1f5e1c2ba28a331') in 0.002741 seconds 
========================================================================
Received Import Request.
  Time since last request: 1.069908 seconds.
  path: Assets/UI-Master/8.Data/Localization/Sources/UILocalization.csv
  artifactKey: Guid(c10aa2e2b60ad7545b8a9739e2199082) Importer(2089858483,0ecaa5967403d082aa24f35e1b516d23)
Start importing Assets/UI-Master/8.Data/Localization/Sources/UILocalization.csv using Guid(c10aa2e2b60ad7545b8a9739e2199082) Importer(2089858483,0ecaa5967403d082aa24f35e1b516d23) Generated GUIDs only implemented for interfaces!
 -> (artifact id: '419572d36acc1718e0c0daa852ef4ff4') in 0.005200 seconds 
========================================================================
Received Import Request.
  Time since last request: 13.988516 seconds.
  path: Assets/UI-Master/8.Data/Localization/Sources/UILocalization.csv
  artifactKey: Guid(c10aa2e2b60ad7545b8a9739e2199082) Importer(815301076,1909f56bfc062723c751e8b465ee728b)
Start importing Assets/UI-Master/8.Data/Localization/Sources/UILocalization.csv using Guid(c10aa2e2b60ad7545b8a9739e2199082) Importer(815301076,1909f56bfc062723c751e8b465ee728b)  -> (artifact id: 'de7059b25a30f6f9b463e8eec19426a2') in 0.002845 seconds 
========================================================================
Received Import Request.
  Time since last request: 0.982692 seconds.
  path: Assets/UI-Master/8.Data/Localization/Sources/UILocalization.csv
  artifactKey: Guid(c10aa2e2b60ad7545b8a9739e2199082) Importer(2089858483,0ecaa5967403d082aa24f35e1b516d23)
Start importing Assets/UI-Master/8.Data/Localization/Sources/UILocalization.csv using Guid(c10aa2e2b60ad7545b8a9739e2199082) Importer(2089858483,0ecaa5967403d082aa24f35e1b516d23) Generated GUIDs only implemented for interfaces!
 -> (artifact id: '53c6c45c4937171add5cc8fbf4d2b446') in 0.005613 seconds 
========================================================================
Received Import Request.
  Time since last request: 14.040482 seconds.
  path: Assets/UI-Master/8.Data/Localization/UITable_ja.asset
  artifactKey: Guid(b43c79cfd89b2b44eb9922471230a134) Importer(2089858483,0ecaa5967403d082aa24f35e1b516d23)
Start importing Assets/UI-Master/8.Data/Localization/UITable_ja.asset using Guid(b43c79cfd89b2b44eb9922471230a134) Importer(2089858483,0ecaa5967403d082aa24f35e1b516d23) Generated GUIDs only implemented for interfaces!
 -> (artifact id: '1ca5772cf7912c5debc111314dd99967') in 0.163625 seconds 
========================================================================
Received Import Request.
  Time since last request: 0.000049 seconds.
  path: Assets/UI-Master/8.Data/Localization/UITable_zh.asset
  artifactKey: Guid(caea6143f7e297c48bc4fd19efe54735) Importer(2089858483,0ecaa5967403d082aa24f35e1b516d23)
Start importing Assets/UI-Master/8.Data/Localization/UITable_zh.asset using Guid(caea6143f7e297c48bc4fd19efe54735) Importer(2089858483,0ecaa5967403d082aa24f35e1b516d23) Generated GUIDs only implemented for interfaces!
 -> (artifact id: '8f76b5ebb8b0283581c02b45badfe0cd') in 0.017192 seconds 
========================================================================
Received Import Request.
  Time since last request: 0.000069 seconds.
  path: Assets/UI-Master/8.Data/Localization/UITable_en-US.asset
  artifactKey: Guid(7a0c73e2741ad1345b61982b904aadf8) Importer(2089858483,0ecaa5967403d082aa24f35e1b516d23)
Start importing Assets/UI-Master/8.Data/Localization/UITable_en-US.asset using Guid(7a0c73e2741ad1345b61982b904aadf8) Importer(2089858483,0ecaa5967403d082aa24f35e1b516d23) Generated GUIDs only implemented for interfaces!
 -> (artifact id: 'f8b736c551aa14a85c19549c40ef74b1') in 0.010732 seconds 
========================================================================
Received Prepare
Registering precompiled user dll's ...
Registered in 0.026596 seconds.
Begin MonoManager ReloadAssembly
Symbol file LoadedFromMemory doesn't match image F:\Project\0423_UI大师\UIMaster\UIMasterProject\Library\PackageCache\com.unity.visualscripting@1.7.8\Editor\VisualScripting.Core\Dependencies\YamlDotNet\Unity.VisualScripting.YamlDotNet.dll
Symbol file LoadedFromMemory doesn't match image F:\Project\0423_UI大师\UIMaster\UIMasterProject\Library\PackageCache\com.unity.visualscripting@1.7.8\Editor\VisualScripting.Core\Dependencies\DotNetZip\Unity.VisualScripting.IonicZip.dll
Native extension for WindowsStandalone target not found
Native extension for Android target not found
Refreshing native plugins compatible for Editor in 1.68 ms, found 4 plugins.
Preloading 0 native plugins for Editor in 0.00 ms.
Mono: successfully reloaded assembly
- Completed reload, in  1.663 seconds
Domain Reload Profiling:
	ReloadAssembly (1664ms)
		BeginReloadAssembly (273ms)
			ExecutionOrderSort (0ms)
			DisableScriptedObjects (6ms)
			BackupInstance (0ms)
			ReleaseScriptingObjects (0ms)
			CreateAndSetChildDomain (67ms)
		EndReloadAssembly (1198ms)
			LoadAssemblies (210ms)
			RebuildTransferFunctionScriptingTraits (0ms)
			SetupTypeCache (287ms)
			ReleaseScriptCaches (3ms)
			RebuildScriptCaches (51ms)
			SetupLoadedEditorAssemblies (593ms)
				LogAssemblyErrors (0ms)
				InitializePlatformSupportModulesInManaged (34ms)
				SetLoadedEditorAssemblies (1ms)
				RefreshPlugins (2ms)
				BeforeProcessingInitializeOnLoad (108ms)
				ProcessInitializeOnLoadAttributes (333ms)
				ProcessInitializeOnLoadMethodAttributes (73ms)
				AfterProcessingInitializeOnLoad (43ms)
				EditorAssembliesLoaded (0ms)
			ExecutionOrderSort2 (0ms)
			AwakeInstancesAfterBackupRestoration (29ms)
Platform modules already initialized, skipping
Refreshing native plugins compatible for Editor in 5.87 ms, found 4 plugins.
Preloading 0 native plugins for Editor in 0.00 ms.
Unloading 5000 Unused Serialized files (Serialized files now loaded: 0)
Unloading 32 unused Assets / (166.6 KB). Loaded Objects now: 5509.
Memory consumption went from 181.5 MB to 181.3 MB.
Total: 3.981000 ms (FindLiveObjects: 0.372100 ms CreateObjectMapping: 0.188000 ms MarkObjects: 3.272600 ms  DeleteObjects: 0.147100 ms)

AssetImportParameters requested are different than current active one (requested -> active):
  custom:video-decoder-ogg-theora: a1e56fd34408186e4bbccfd4996cb3dc -> 
  custom:container-muxer-webm: aa71ff27fc2769a1b78a27578f13a17b -> 
  custom:container-demuxer-webm: 4f35f7cbe854078d1ac9338744f61a02 -> 
  custom:video-encoder-webm-vp8: eb34c28f22e8b96e1ab97ce403110664 -> 
  custom:audio-encoder-webm-vorbis: bf7c407c2cedff20999df2af8eb42d56 -> 
  custom:framework-win-MediaFoundation: 216162199b28c13a410421893ffa2e32 -> 
  custom:SearchIndexIgnoredProperties: e643bd26f0fe6173181afceb89e7c659 -> 
  custom:container-demuxer-ogg: 62fdf1f143b41e24485cea50d1cbac27 -> 
  custom:video-decoder-webm-vp8: 9c59270c3fd7afecdb556c50c9e8de78 -> 
  custom:audio-decoder-ogg-vorbis: bf7c407c2cedff20999df2af8eb42d56 -> 
