Using pre-set license
Built from 'HEAD' branch; Version is '2021.3.16f1c1 (56dbfdd6697f) revision 5692413'; Using compiler version '192829333'; Build Type 'Release'
OS: 'Windows 11  (10.0.22621) 64bit Professional' Language: 'zh' Physical Memory: 16167 MB
BatchMode: 1, IsHumanControllingUs: 0, StartBugReporterOnCrash: 0, Is64bit: 1, IsPro: 1

COMMAND LINE ARGUMENTS:
C:\Program Files\Unity\Hub\Editor\2021.3.16f1c1\Editor\Unity.exe
-adb2
-batchMode
-noUpm
-name
AssetImportWorker2
-projectPath
F:/Project/0423_UI大师/UIMaster/UIMasterProject
-logFile
Logs/AssetImportWorker2.log
-srvPort
5725
Successfully changed project path to: F:/Project/0423_UI大师/UIMaster/UIMasterProject
F:/Project/0423_UI大师/UIMaster/UIMasterProject
[UnityMemory] Configuration Parameters - Can be set up in boot.config
    "memorysetup-bucket-allocator-granularity=16"
    "memorysetup-bucket-allocator-bucket-count=8"
    "memorysetup-bucket-allocator-block-size=33554432"
    "memorysetup-bucket-allocator-block-count=8"
    "memorysetup-main-allocator-block-size=16777216"
    "memorysetup-thread-allocator-block-size=16777216"
    "memorysetup-gfx-main-allocator-block-size=16777216"
    "memorysetup-gfx-thread-allocator-block-size=16777216"
    "memorysetup-cache-allocator-block-size=4194304"
    "memorysetup-typetree-allocator-block-size=2097152"
    "memorysetup-profiler-bucket-allocator-granularity=16"
    "memorysetup-profiler-bucket-allocator-bucket-count=8"
    "memorysetup-profiler-bucket-allocator-block-size=33554432"
    "memorysetup-profiler-bucket-allocator-block-count=8"
    "memorysetup-profiler-allocator-block-size=16777216"
    "memorysetup-profiler-editor-allocator-block-size=1048576"
    "memorysetup-temp-allocator-size-main=16777216"
    "memorysetup-job-temp-allocator-block-size=2097152"
    "memorysetup-job-temp-allocator-block-size-background=1048576"
    "memorysetup-job-temp-allocator-reduction-small-platforms=262144"
    "memorysetup-temp-allocator-size-background-worker=32768"
    "memorysetup-temp-allocator-size-job-worker=262144"
    "memorysetup-temp-allocator-size-preload-manager=33554432"
    "memorysetup-temp-allocator-size-nav-mesh-worker=65536"
    "memorysetup-temp-allocator-size-audio-worker=65536"
    "memorysetup-temp-allocator-size-cloud-worker=32768"
    "memorysetup-temp-allocator-size-gi-baking-worker=262144"
    "memorysetup-temp-allocator-size-gfx=262144"
Player connection [36284] Host "[IP] 172.16.20.191 [Port] 0 [Flags] 2 [Guid] 1657967390 [EditorId] 1657967390 [Version] 1048832 [Id] WindowsEditor(7,DESKTOP-098JL91) [Debug] 1 [PackageName] WindowsEditor [ProjectName] Editor" joined multi-casting on [225.0.0.222:54997]...

Player connection [36284] Host "[IP] 172.16.20.191 [Port] 0 [Flags] 2 [Guid] 1657967390 [EditorId] 1657967390 [Version] 1048832 [Id] WindowsEditor(7,DESKTOP-098JL91) [Debug] 1 [PackageName] WindowsEditor [ProjectName] Editor" joined alternative multi-casting on [225.0.0.222:34997]...

AS: AutoStreaming module initializing.
Refreshing native plugins compatible for Editor in 137.27 ms, found 4 plugins.
Preloading 0 native plugins for Editor in 0.00 ms.
Initialize engine version: 2021.3.16f1c1 (56dbfdd6697f)
[Subsystems] Discovering subsystems at path C:/Program Files/Unity/Hub/Editor/2021.3.16f1c1/Editor/Data/Resources/UnitySubsystems
[Subsystems] Discovering subsystems at path F:/Project/0423_UI大师/UIMaster/UIMasterProject/Assets
GfxDevice: creating device client; threaded=0; jobified=0
Direct3D:
    Version:  Direct3D 11.0 [level 11.1]
    Renderer: NVIDIA GeForce RTX 3060 Ti (ID=0x2489)
    Vendor:   NVIDIA
    VRAM:     8038 MB
    Driver:   31.0.15.3713
Initialize mono
Mono path[0] = 'C:/Program Files/Unity/Hub/Editor/2021.3.16f1c1/Editor/Data/Managed'
Mono path[1] = 'C:/Program Files/Unity/Hub/Editor/2021.3.16f1c1/Editor/Data/MonoBleedingEdge/lib/mono/unityjit-win32'
Mono config path = 'C:/Program Files/Unity/Hub/Editor/2021.3.16f1c1/Editor/Data/MonoBleedingEdge/etc'
Using monoOptions --debugger-agent=transport=dt_socket,embedding=1,server=y,suspend=n,address=127.0.0.1:56684
Begin MonoManager ReloadAssembly
Registering precompiled unity dll's ...
Register platform support module: C:/Program Files/Unity/Hub/Editor/2021.3.16f1c1/Editor/Data/PlaybackEngines/AndroidPlayer/UnityEditor.Android.Extensions.dll
Register platform support module: C:/Program Files/Unity/Hub/Editor/2021.3.16f1c1/Editor/Data/PlaybackEngines/WindowsStandaloneSupport/UnityEditor.WindowsStandalone.Extensions.dll
Registered in 0.023668 seconds.
Native extension for WindowsStandalone target not found
Native extension for Android target not found
Refreshing native plugins compatible for Editor in 122.18 ms, found 4 plugins.
Preloading 0 native plugins for Editor in 0.00 ms.
Mono: successfully reloaded assembly
- Completed reload, in  0.891 seconds
Domain Reload Profiling:
	ReloadAssembly (891ms)
		BeginReloadAssembly (158ms)
			ExecutionOrderSort (0ms)
			DisableScriptedObjects (0ms)
			BackupInstance (0ms)
			ReleaseScriptingObjects (0ms)
			CreateAndSetChildDomain (1ms)
		EndReloadAssembly (554ms)
			LoadAssemblies (146ms)
			RebuildTransferFunctionScriptingTraits (0ms)
			SetupTypeCache (113ms)
			ReleaseScriptCaches (0ms)
			RebuildScriptCaches (30ms)
			SetupLoadedEditorAssemblies (333ms)
				LogAssemblyErrors (0ms)
				InitializePlatformSupportModulesInManaged (64ms)
				SetLoadedEditorAssemblies (0ms)
				RefreshPlugins (122ms)
				BeforeProcessingInitializeOnLoad (1ms)
				ProcessInitializeOnLoadAttributes (92ms)
				ProcessInitializeOnLoadMethodAttributes (53ms)
				AfterProcessingInitializeOnLoad (0ms)
				EditorAssembliesLoaded (0ms)
			ExecutionOrderSort2 (0ms)
			AwakeInstancesAfterBackupRestoration (0ms)
Platform modules already initialized, skipping
Registering precompiled user dll's ...
Registered in 0.022949 seconds.
Begin MonoManager ReloadAssembly
Symbol file LoadedFromMemory doesn't match image F:\Project\0423_UI大师\UIMaster\UIMasterProject\Library\PackageCache\com.unity.visualscripting@1.7.8\Editor\VisualScripting.Core\Dependencies\YamlDotNet\Unity.VisualScripting.YamlDotNet.dll
Symbol file LoadedFromMemory doesn't match image F:\Project\0423_UI大师\UIMaster\UIMasterProject\Library\PackageCache\com.unity.visualscripting@1.7.8\Editor\VisualScripting.Core\Dependencies\DotNetZip\Unity.VisualScripting.IonicZip.dll
Native extension for WindowsStandalone target not found
Native extension for Android target not found
Refreshing native plugins compatible for Editor in 109.64 ms, found 4 plugins.
Preloading 0 native plugins for Editor in 0.00 ms.
Mono: successfully reloaded assembly
- Completed reload, in  1.976 seconds
Domain Reload Profiling:
	ReloadAssembly (1977ms)
		BeginReloadAssembly (295ms)
			ExecutionOrderSort (0ms)
			DisableScriptedObjects (8ms)
			BackupInstance (0ms)
			ReleaseScriptingObjects (0ms)
			CreateAndSetChildDomain (133ms)
		EndReloadAssembly (1539ms)
			LoadAssemblies (230ms)
			RebuildTransferFunctionScriptingTraits (0ms)
			SetupTypeCache (282ms)
			ReleaseScriptCaches (1ms)
			RebuildScriptCaches (74ms)
			SetupLoadedEditorAssemblies (921ms)
				LogAssemblyErrors (0ms)
				InitializePlatformSupportModulesInManaged (30ms)
				SetLoadedEditorAssemblies (0ms)
				RefreshPlugins (110ms)
				BeforeProcessingInitializeOnLoad (141ms)
				ProcessInitializeOnLoadAttributes (562ms)
				ProcessInitializeOnLoadMethodAttributes (44ms)
				AfterProcessingInitializeOnLoad (34ms)
				EditorAssembliesLoaded (0ms)
			ExecutionOrderSort2 (0ms)
			AwakeInstancesAfterBackupRestoration (10ms)
Platform modules already initialized, skipping
========================================================================
Worker process is ready to serve import requests
Launched and connected shader compiler UnityShaderCompiler.exe after 0.08 seconds
Refreshing native plugins compatible for Editor in 1.51 ms, found 4 plugins.
Preloading 0 native plugins for Editor in 0.00 ms.
Unloading 5520 Unused Serialized files (Serialized files now loaded: 0)
Unloading 49 unused Assets / (201.5 KB). Loaded Objects now: 5983.
Memory consumption went from 200.9 MB to 200.7 MB.
Total: 4.294100 ms (FindLiveObjects: 0.395700 ms CreateObjectMapping: 0.160500 ms MarkObjects: 3.581000 ms  DeleteObjects: 0.156000 ms)

AssetImportParameters requested are different than current active one (requested -> active):
  custom:video-decoder-ogg-theora: a1e56fd34408186e4bbccfd4996cb3dc -> 
  custom:container-muxer-webm: aa71ff27fc2769a1b78a27578f13a17b -> 
  custom:container-demuxer-webm: 4f35f7cbe854078d1ac9338744f61a02 -> 
  custom:video-encoder-webm-vp8: eb34c28f22e8b96e1ab97ce403110664 -> 
  custom:audio-encoder-webm-vorbis: bf7c407c2cedff20999df2af8eb42d56 -> 
  custom:framework-win-MediaFoundation: 216162199b28c13a410421893ffa2e32 -> 
  custom:container-demuxer-ogg: 62fdf1f143b41e24485cea50d1cbac27 -> 
  custom:video-decoder-webm-vp8: 9c59270c3fd7afecdb556c50c9e8de78 -> 
  custom:audio-decoder-ogg-vorbis: bf7c407c2cedff20999df2af8eb42d56 -> 
========================================================================
Received Import Request.
  Time since last request: 77647.733140 seconds.
  path: Assets/UI_Master/Resources/Prefabs/==AchievementManager==.prefab
  artifactKey: Guid(c6c116a0e26a2ce4793a5bbdb3785bf9) Importer(815301076,1909f56bfc062723c751e8b465ee728b)
Start importing Assets/UI_Master/Resources/Prefabs/==AchievementManager==.prefab using Guid(c6c116a0e26a2ce4793a5bbdb3785bf9) Importer(815301076,1909f56bfc062723c751e8b465ee728b)  -> (artifact id: '653013def69ffab4ffb0e920cf081dc3') in 0.066289 seconds 
========================================================================
Received Import Request.
  Time since last request: 0.000032 seconds.
  path: Assets/UI_Master/Resources/Prefabs/2.Panel/MainMenu/P_MainMenuPanel.prefab
  artifactKey: Guid(6556935da0f4fd84eafa5f2eed8c820d) Importer(815301076,1909f56bfc062723c751e8b465ee728b)
Start importing Assets/UI_Master/Resources/Prefabs/2.Panel/MainMenu/P_MainMenuPanel.prefab using Guid(6556935da0f4fd84eafa5f2eed8c820d) Importer(815301076,1909f56bfc062723c751e8b465ee728b)  -> (artifact id: '5959a28b4baff7bbd31fa143efb142e7') in 0.113908 seconds 
========================================================================
Received Import Request.
  Time since last request: 0.000030 seconds.
  path: Assets/UI_Master/Resources/Prefabs/2.Panel/CreditsScrollView/P_Item_Pos&NameText.prefab
  artifactKey: Guid(9ed2060af2515a34ea2cce6efa180665) Importer(815301076,1909f56bfc062723c751e8b465ee728b)
Start importing Assets/UI_Master/Resources/Prefabs/2.Panel/CreditsScrollView/P_Item_Pos&NameText.prefab using Guid(9ed2060af2515a34ea2cce6efa180665) Importer(815301076,1909f56bfc062723c751e8b465ee728b)  -> (artifact id: 'ead13ea6ab58db178f88dea2330655bb') in 0.079119 seconds 
========================================================================
Received Import Request.
  Time since last request: 0.000040 seconds.
  path: Assets/UI_Master/Resources/Prefabs/2.Panel/0.UniversalPanel/P_ScrollView.prefab
  artifactKey: Guid(16af2baafb784c842bb63eff7b489eb7) Importer(815301076,1909f56bfc062723c751e8b465ee728b)
Start importing Assets/UI_Master/Resources/Prefabs/2.Panel/0.UniversalPanel/P_ScrollView.prefab using Guid(16af2baafb784c842bb63eff7b489eb7) Importer(815301076,1909f56bfc062723c751e8b465ee728b)  -> (artifact id: '8d40e1cbab08ac9f0e736faae23743b1') in 0.099396 seconds 
========================================================================
Received Import Request.
  Time since last request: 0.000029 seconds.
  path: Assets/UI_Master/Resources/Prefabs/2.Panel/RankingLitsPanel/P_RankingListPanel Variant.prefab
  artifactKey: Guid(bd0c55fd72ec88040b69bc5a499266ca) Importer(815301076,1909f56bfc062723c751e8b465ee728b)
Start importing Assets/UI_Master/Resources/Prefabs/2.Panel/RankingLitsPanel/P_RankingListPanel Variant.prefab using Guid(bd0c55fd72ec88040b69bc5a499266ca) Importer(815301076,1909f56bfc062723c751e8b465ee728b)  -> (artifact id: '61273834f01283bc646b107d01f2f81c') in 0.102646 seconds 
========================================================================
Received Import Request.
  Time since last request: 0.000048 seconds.
  path: Assets/UI_Master/Resources/Prefabs/1.Item/P_Item_SV_Divider.prefab
  artifactKey: Guid(ea2c563aeecf23546820bfb65b1aefcd) Importer(815301076,1909f56bfc062723c751e8b465ee728b)
Start importing Assets/UI_Master/Resources/Prefabs/1.Item/P_Item_SV_Divider.prefab using Guid(ea2c563aeecf23546820bfb65b1aefcd) Importer(815301076,1909f56bfc062723c751e8b465ee728b)  -> (artifact id: 'e49a41e04b3e4b249bab95af3236bbc4') in 0.007542 seconds 
========================================================================
Received Import Request.
  Time since last request: 0.000057 seconds.
  path: Packages/com.unity.2d.spriteshape/Editor/ObjectMenuCreation/DefaultAssets/Sprite Shapes/Closed Sprite Shape.prefab
  artifactKey: Guid(c0583b4e855c74b8c82e7b9b5efb5ce9) Importer(815301076,1909f56bfc062723c751e8b465ee728b)
Start importing Packages/com.unity.2d.spriteshape/Editor/ObjectMenuCreation/DefaultAssets/Sprite Shapes/Closed Sprite Shape.prefab using Guid(c0583b4e855c74b8c82e7b9b5efb5ce9) Importer(815301076,1909f56bfc062723c751e8b465ee728b)  -> (artifact id: '0c3e9bca50631941f69a30dc7fedb91d') in 0.084601 seconds 
========================================================================
Received Import Request.
  Time since last request: 0.000034 seconds.
  path: Assets/UI_Master/Resources/Prefabs/2.Panel/SettingPanel/P_Item_TypeSplitColumn.prefab
  artifactKey: Guid(7447e058c79be53478e0b1edfbb4cac8) Importer(815301076,1909f56bfc062723c751e8b465ee728b)
Start importing Assets/UI_Master/Resources/Prefabs/2.Panel/SettingPanel/P_Item_TypeSplitColumn.prefab using Guid(7447e058c79be53478e0b1edfbb4cac8) Importer(815301076,1909f56bfc062723c751e8b465ee728b)  -> (artifact id: '47636396d86d1026da79a6f18059ff2c') in 0.096914 seconds 
========================================================================
Received Import Request.
  Time since last request: 0.000043 seconds.
  path: Assets/UI_Master/Resources/Prefabs/2.Panel/SettingPanel/P_SettingPanel.prefab
  artifactKey: Guid(4c796fa76f6871d40a9cf950c326b886) Importer(815301076,1909f56bfc062723c751e8b465ee728b)
Start importing Assets/UI_Master/Resources/Prefabs/2.Panel/SettingPanel/P_SettingPanel.prefab using Guid(4c796fa76f6871d40a9cf950c326b886) Importer(815301076,1909f56bfc062723c751e8b465ee728b)  -> (artifact id: '17fc5c789d8c1d6ebff4dcaeafaf70f7') in 0.114756 seconds 
========================================================================
Received Import Request.
  Time since last request: 0.000059 seconds.
  path: Assets/UI_Master/Resources/Prefabs/2.Panel/AchieveStackPanel/P_AC_Popup.prefab
  artifactKey: Guid(cb4c34efb6a51924f88f477fb1b87424) Importer(815301076,1909f56bfc062723c751e8b465ee728b)
Start importing Assets/UI_Master/Resources/Prefabs/2.Panel/AchieveStackPanel/P_AC_Popup.prefab using Guid(cb4c34efb6a51924f88f477fb1b87424) Importer(815301076,1909f56bfc062723c751e8b465ee728b)  -> (artifact id: '4a416a11a2846aa3c77e2b1dd858efd2') in 0.083646 seconds 
========================================================================
Received Import Request.
  Time since last request: 0.000034 seconds.
  path: Assets/UI_Master/Resources/Prefabs/2.Panel/AchievePanel/P_AchievePanel.prefab
  artifactKey: Guid(6243ab014206a6145ab67f48fdce04e2) Importer(815301076,1909f56bfc062723c751e8b465ee728b)
Start importing Assets/UI_Master/Resources/Prefabs/2.Panel/AchievePanel/P_AchievePanel.prefab using Guid(6243ab014206a6145ab67f48fdce04e2) Importer(815301076,1909f56bfc062723c751e8b465ee728b)  -> (artifact id: 'b240e6319cfee2964add24732696f83d') in 0.099846 seconds 
Editor requested this worker to shutdown with reason: Scaling down because of idle timeout
AssetImportWorker is now disconnected from the server
Process exiting
Exiting without the bug reporter. Application will terminate with return code 0