Using pre-set license
Built from 'HEAD' branch; Version is '2021.3.16f1c1 (56dbfdd6697f) revision 5692413'; Using compiler version '192829333'; Build Type 'Release'
OS: 'Windows 11  (10.0.22621) 64bit Professional' Language: 'zh' Physical Memory: 16167 MB
BatchMode: 1, IsHumanControllingUs: 0, StartBugReporterOnCrash: 0, Is64bit: 1, IsPro: 1

COMMAND LINE ARGUMENTS:
C:\Program Files\Unity\Hub\Editor\2021.3.16f1c1\Editor\Unity.exe
-adb2
-batchMode
-noUpm
-name
AssetImportWorker0
-projectPath
F:/Project/0423_UI大师/UIMaster/UIMasterProject
-logFile
Logs/AssetImportWorker0.log
-srvPort
<<<<<<< HEAD
1315
=======
14094
>>>>>>> main
Successfully changed project path to: F:/Project/0423_UI大师/UIMaster/UIMasterProject
F:/Project/0423_UI大师/UIMaster/UIMasterProject
[UnityMemory] Configuration Parameters - Can be set up in boot.config
    "memorysetup-bucket-allocator-granularity=16"
    "memorysetup-bucket-allocator-bucket-count=8"
    "memorysetup-bucket-allocator-block-size=33554432"
    "memorysetup-bucket-allocator-block-count=8"
    "memorysetup-main-allocator-block-size=16777216"
    "memorysetup-thread-allocator-block-size=16777216"
    "memorysetup-gfx-main-allocator-block-size=16777216"
    "memorysetup-gfx-thread-allocator-block-size=16777216"
    "memorysetup-cache-allocator-block-size=4194304"
    "memorysetup-typetree-allocator-block-size=2097152"
    "memorysetup-profiler-bucket-allocator-granularity=16"
    "memorysetup-profiler-bucket-allocator-bucket-count=8"
    "memorysetup-profiler-bucket-allocator-block-size=33554432"
    "memorysetup-profiler-bucket-allocator-block-count=8"
    "memorysetup-profiler-allocator-block-size=16777216"
    "memorysetup-profiler-editor-allocator-block-size=1048576"
    "memorysetup-temp-allocator-size-main=16777216"
    "memorysetup-job-temp-allocator-block-size=2097152"
    "memorysetup-job-temp-allocator-block-size-background=1048576"
    "memorysetup-job-temp-allocator-reduction-small-platforms=262144"
    "memorysetup-temp-allocator-size-background-worker=32768"
    "memorysetup-temp-allocator-size-job-worker=262144"
    "memorysetup-temp-allocator-size-preload-manager=33554432"
    "memorysetup-temp-allocator-size-nav-mesh-worker=65536"
    "memorysetup-temp-allocator-size-audio-worker=65536"
    "memorysetup-temp-allocator-size-cloud-worker=32768"
    "memorysetup-temp-allocator-size-gi-baking-worker=262144"
    "memorysetup-temp-allocator-size-gfx=262144"
<<<<<<< HEAD
Player connection [122872] Host "[IP] 172.16.20.191 [Port] 0 [Flags] 2 [Guid] 894485108 [EditorId] 894485108 [Version] 1048832 [Id] WindowsEditor(7,DESKTOP-098JL91) [Debug] 1 [PackageName] WindowsEditor [ProjectName] Editor" joined multi-casting on [225.0.0.222:54997]...

Player connection [122872] Host "[IP] 172.16.20.191 [Port] 0 [Flags] 2 [Guid] 894485108 [EditorId] 894485108 [Version] 1048832 [Id] WindowsEditor(7,DESKTOP-098JL91) [Debug] 1 [PackageName] WindowsEditor [ProjectName] Editor" joined alternative multi-casting on [225.0.0.222:34997]...

AS: AutoStreaming module initializing.
Refreshing native plugins compatible for Editor in 191.45 ms, found 4 plugins.
=======
Player connection [44376] Host "[IP] 172.16.20.191 [Port] 0 [Flags] 2 [Guid] 1602132771 [EditorId] 1602132771 [Version] 1048832 [Id] WindowsEditor(7,DESKTOP-098JL91) [Debug] 1 [PackageName] WindowsEditor [ProjectName] Editor" joined multi-casting on [225.0.0.222:54997]...

Player connection [44376] Host "[IP] 172.16.20.191 [Port] 0 [Flags] 2 [Guid] 1602132771 [EditorId] 1602132771 [Version] 1048832 [Id] WindowsEditor(7,DESKTOP-098JL91) [Debug] 1 [PackageName] WindowsEditor [ProjectName] Editor" joined alternative multi-casting on [225.0.0.222:34997]...

AS: AutoStreaming module initializing.
Refreshing native plugins compatible for Editor in 137.10 ms, found 4 plugins.
>>>>>>> main
Preloading 0 native plugins for Editor in 0.00 ms.
Initialize engine version: 2021.3.16f1c1 (56dbfdd6697f)
[Subsystems] Discovering subsystems at path C:/Program Files/Unity/Hub/Editor/2021.3.16f1c1/Editor/Data/Resources/UnitySubsystems
[Subsystems] Discovering subsystems at path F:/Project/0423_UI大师/UIMaster/UIMasterProject/Assets
GfxDevice: creating device client; threaded=0; jobified=0
Direct3D:
    Version:  Direct3D 11.0 [level 11.1]
    Renderer: NVIDIA GeForce RTX 3060 Ti (ID=0x2489)
    Vendor:   NVIDIA
    VRAM:     8038 MB
    Driver:   31.0.15.3713
Initialize mono
Mono path[0] = 'C:/Program Files/Unity/Hub/Editor/2021.3.16f1c1/Editor/Data/Managed'
Mono path[1] = 'C:/Program Files/Unity/Hub/Editor/2021.3.16f1c1/Editor/Data/MonoBleedingEdge/lib/mono/unityjit-win32'
Mono config path = 'C:/Program Files/Unity/Hub/Editor/2021.3.16f1c1/Editor/Data/MonoBleedingEdge/etc'
<<<<<<< HEAD
Using monoOptions --debugger-agent=transport=dt_socket,embedding=1,server=y,suspend=n,address=127.0.0.1:56992
=======
Using monoOptions --debugger-agent=transport=dt_socket,embedding=1,server=y,suspend=n,address=127.0.0.1:56072
>>>>>>> main
Begin MonoManager ReloadAssembly
Registering precompiled unity dll's ...
Register platform support module: C:/Program Files/Unity/Hub/Editor/2021.3.16f1c1/Editor/Data/PlaybackEngines/AndroidPlayer/UnityEditor.Android.Extensions.dll
Register platform support module: C:/Program Files/Unity/Hub/Editor/2021.3.16f1c1/Editor/Data/PlaybackEngines/WindowsStandaloneSupport/UnityEditor.WindowsStandalone.Extensions.dll
<<<<<<< HEAD
Registered in 0.041002 seconds.
Native extension for WindowsStandalone target not found
Native extension for Android target not found
Refreshing native plugins compatible for Editor in 117.62 ms, found 4 plugins.
Preloading 0 native plugins for Editor in 0.00 ms.
Mono: successfully reloaded assembly
- Completed reload, in  1.160 seconds
Domain Reload Profiling:
	ReloadAssembly (1161ms)
		BeginReloadAssembly (260ms)
=======
Registered in 0.027409 seconds.
Native extension for WindowsStandalone target not found
Native extension for Android target not found
Refreshing native plugins compatible for Editor in 130.60 ms, found 4 plugins.
Preloading 0 native plugins for Editor in 0.00 ms.
Mono: successfully reloaded assembly
- Completed reload, in  1.012 seconds
Domain Reload Profiling:
	ReloadAssembly (1013ms)
		BeginReloadAssembly (191ms)
>>>>>>> main
			ExecutionOrderSort (0ms)
			DisableScriptedObjects (0ms)
			BackupInstance (0ms)
			ReleaseScriptingObjects (0ms)
			CreateAndSetChildDomain (1ms)
<<<<<<< HEAD
		EndReloadAssembly (623ms)
			LoadAssemblies (212ms)
			RebuildTransferFunctionScriptingTraits (0ms)
			SetupTypeCache (122ms)
			ReleaseScriptCaches (0ms)
			RebuildScriptCaches (28ms)
			SetupLoadedEditorAssemblies (354ms)
				LogAssemblyErrors (0ms)
				InitializePlatformSupportModulesInManaged (80ms)
				SetLoadedEditorAssemblies (0ms)
				RefreshPlugins (118ms)
				BeforeProcessingInitializeOnLoad (1ms)
				ProcessInitializeOnLoadAttributes (104ms)
				ProcessInitializeOnLoadMethodAttributes (51ms)
=======
		EndReloadAssembly (602ms)
			LoadAssemblies (165ms)
			RebuildTransferFunctionScriptingTraits (0ms)
			SetupTypeCache (108ms)
			ReleaseScriptCaches (0ms)
			RebuildScriptCaches (26ms)
			SetupLoadedEditorAssemblies (365ms)
				LogAssemblyErrors (0ms)
				InitializePlatformSupportModulesInManaged (75ms)
				SetLoadedEditorAssemblies (0ms)
				RefreshPlugins (131ms)
				BeforeProcessingInitializeOnLoad (1ms)
				ProcessInitializeOnLoadAttributes (94ms)
				ProcessInitializeOnLoadMethodAttributes (64ms)
>>>>>>> main
				AfterProcessingInitializeOnLoad (0ms)
				EditorAssembliesLoaded (0ms)
			ExecutionOrderSort2 (0ms)
			AwakeInstancesAfterBackupRestoration (0ms)
Platform modules already initialized, skipping
Registering precompiled user dll's ...
<<<<<<< HEAD
Registered in 0.048829 seconds.
Android Extension - Scanning For ADB Devices 6097 ms
=======
Registered in 0.046284 seconds.
>>>>>>> main
Begin MonoManager ReloadAssembly
Symbol file data-00000236B82B8E00 doesn't match image F:\Project\0423_UI大师\UIMaster\UIMasterProject\Library\ScriptAssemblies\Assembly-CSharp.dll
Symbol file LoadedFromMemory is not a mono symbol file
Symbol file data-00000236B82C1610 doesn't match image F:\Project\0423_UI大师\UIMaster\UIMasterProject\Library\ScriptAssemblies\UniversalSettings.dll
Symbol file LoadedFromMemory is not a mono symbol file
Symbol file data-00000236B82C1610 doesn't match image F:\Project\0423_UI大师\UIMaster\UIMasterProject\Library\ScriptAssemblies\Unity.InternalAPIEngineBridge.001.dll
Symbol file LoadedFromMemory is not a mono symbol file
Symbol file data-00000236B9D62010 doesn't match image F:\Project\0423_UI大师\UIMaster\UIMasterProject\Library\ScriptAssemblies\Unity.VSCode.Editor.dll
Symbol file LoadedFromMemory is not a mono symbol file
Symbol file data-00000236B9D62010 doesn't match image F:\Project\0423_UI大师\UIMaster\UIMasterProject\Library\ScriptAssemblies\Unity.2D.PixelPerfect.dll
Symbol file LoadedFromMemory is not a mono symbol file
Symbol file data-00000236B9D66020 doesn't match image F:\Project\0423_UI大师\UIMaster\UIMasterProject\Library\ScriptAssemblies\UnityEditor.CacheServer.dll
Symbol file LoadedFromMemory is not a mono symbol file
Symbol file data-00000236B9D79430 doesn't match image F:\Project\0423_UI大师\UIMaster\UIMasterProject\Library\ScriptAssemblies\PsdPlugin.dll
Symbol file LoadedFromMemory is not a mono symbol file
Symbol file data-00000236B9D94840 doesn't match image F:\Project\0423_UI大师\UIMaster\UIMasterProject\Library\ScriptAssemblies\Unity.Addressables.dll
Symbol file LoadedFromMemory is not a mono symbol file
Symbol file data-00000236B9751820 doesn't match image F:\Project\0423_UI大师\UIMaster\UIMasterProject\Library\ScriptAssemblies\Unity.TextMeshPro.Editor.dll
Symbol file LoadedFromMemory is not a mono symbol file
Symbol file data-00000236B9758630 doesn't match image F:\Project\0423_UI大师\UIMaster\UIMasterProject\Library\ScriptAssemblies\Unity.Services.Core.Telemetry.dll
Symbol file LoadedFromMemory is not a mono symbol file
Symbol file data-00000236B9758630 doesn't match image F:\Project\0423_UI大师\UIMaster\UIMasterProject\Library\ScriptAssemblies\Unity.Services.Core.Networking.dll
Symbol file LoadedFromMemory is not a mono symbol file
Symbol file data-00000236B9758630 doesn't match image F:\Project\0423_UI大师\UIMaster\UIMasterProject\Library\ScriptAssemblies\Unity.VisualScripting.State.Editor.dll
Symbol file LoadedFromMemory is not a mono symbol file
Symbol file data-00000236B9C58010 doesn't match image F:\Project\0423_UI大师\UIMaster\UIMasterProject\Library\ScriptAssemblies\UnityEditor.TestRunner.dll
Symbol file LoadedFromMemory is not a mono symbol file
Symbol file data-00000236B9758630 doesn't match image F:\Project\0423_UI大师\UIMaster\UIMasterProject\Library\ScriptAssemblies\Unity.2D.IK.Editor.dll
Symbol file LoadedFromMemory is not a mono symbol file
Symbol file data-00000236B4721B60 doesn't match image F:\Project\0423_UI大师\UIMaster\UIMasterProject\Library\ScriptAssemblies\Unity.VisualScripting.SettingsProvider.Editor.dll
Symbol file LoadedFromMemory is not a mono symbol file
Symbol file data-00000236BA3D8020 doesn't match image F:\Project\0423_UI大师\UIMaster\UIMasterProject\Library\ScriptAssemblies\Unity.Burst.CodeGen.dll
Symbol file LoadedFromMemory is not a mono symbol file
Symbol file data-00000236BA3D8020 doesn't match image F:\Project\0423_UI大师\UIMaster\UIMasterProject\Library\ScriptAssemblies\Unity.2D.Path.Editor.dll
Symbol file LoadedFromMemory is not a mono symbol file
Symbol file data-00000236BA3D8020 doesn't match image F:\Project\0423_UI大师\UIMaster\UIMasterProject\Library\ScriptAssemblies\UnityEditor.UI.dll
Symbol file LoadedFromMemory is not a mono symbol file
Symbol file data-00000236BA3D8020 doesn't match image F:\Project\0423_UI大师\UIMaster\UIMasterProject\Library\ScriptAssemblies\Unity.Rider.Editor.dll
Symbol file LoadedFromMemory is not a mono symbol file
Symbol file data-00000236B9C8FE40 doesn't match image F:\Project\0423_UI大师\UIMaster\UIMasterProject\Library\ScriptAssemblies\Unity.Services.Core.Internal.dll
Symbol file LoadedFromMemory is not a mono symbol file
Symbol file data-00000236B8933080 doesn't match image F:\Project\0423_UI大师\UIMaster\UIMasterProject\Library\ScriptAssemblies\UnityEngine.UI.dll
Symbol file LoadedFromMemory is not a mono symbol file
Symbol file data-00000236B4721B60 doesn't match image F:\Project\0423_UI大师\UIMaster\UIMasterProject\Library\ScriptAssemblies\Unity.Services.Core.Configuration.dll
Symbol file LoadedFromMemory is not a mono symbol file
Symbol file data-00000236B8AA0230 doesn't match image F:\Project\0423_UI大师\UIMaster\UIMasterProject\Library\ScriptAssemblies\Unity.2D.IK.Runtime.dll
Symbol file LoadedFromMemory is not a mono symbol file
Symbol file data-00000236B8AA0230 doesn't match image F:\Project\0423_UI大师\UIMaster\UIMasterProject\Library\ScriptAssemblies\Unity.Services.Core.Configuration.Editor.dll
Symbol file LoadedFromMemory is not a mono symbol file
Symbol file data-00000236B46A6850 doesn't match image F:\Project\0423_UI大师\UIMaster\UIMasterProject\Library\ScriptAssemblies\Unity.Localization.Editor.dll
Symbol file LoadedFromMemory is not a mono symbol file
Symbol file data-00000236B8AA4840 doesn't match image F:\Project\0423_UI大师\UIMaster\UIMasterProject\Library\ScriptAssemblies\Unity.Services.Core.Registration.dll
Symbol file LoadedFromMemory is not a mono symbol file
Symbol file data-00000236B8AA4840 doesn't match image F:\Project\0423_UI大师\UIMaster\UIMasterProject\Library\ScriptAssemblies\Unity.Services.Core.Environments.Internal.dll
Symbol file LoadedFromMemory is not a mono symbol file
Symbol file data-00000236B8AA4840 doesn't match image F:\Project\0423_UI大师\UIMaster\UIMasterProject\Library\ScriptAssemblies\Unity.CollabProxy.Editor.dll
Symbol file LoadedFromMemory is not a mono symbol file
Symbol file data-00000236B8AA4840 doesn't match image F:\Project\0423_UI大师\UIMaster\UIMasterProject\Library\ScriptAssemblies\Unity.Mathematics.Editor.dll
Symbol file LoadedFromMemory is not a mono symbol file
Symbol file data-00000236B8AA4840 doesn't match image F:\Project\0423_UI大师\UIMaster\UIMasterProject\Library\ScriptAssemblies\Unity.Services.Core.Threading.dll
Symbol file LoadedFromMemory is not a mono symbol file
Symbol file data-00000236B8933080 doesn't match image F:\Project\0423_UI大师\UIMaster\UIMasterProject\Library\ScriptAssemblies\Unity.Addressables.Editor.dll
Symbol file LoadedFromMemory is not a mono symbol file
Symbol file data-00000236B8AAD250 doesn't match image F:\Project\0423_UI大师\UIMaster\UIMasterProject\Library\ScriptAssemblies\Unity.2D.Common.Editor.dll
Symbol file LoadedFromMemory is not a mono symbol file
Symbol file data-00000236B88B8670 doesn't match image F:\Project\0423_UI大师\UIMaster\UIMasterProject\Library\ScriptAssemblies\Unity.VisualScripting.Flow.Editor.dll
Symbol file LoadedFromMemory is not a mono symbol file
Symbol file data-00000236B8AAD250 doesn't match image F:\Project\0423_UI大师\UIMaster\UIMasterProject\Library\ScriptAssemblies\Unity.2D.Tilemap.Extras.dll
Symbol file LoadedFromMemory is not a mono symbol file
Symbol file data-00000236B99C1A30 doesn't match image F:\Project\0423_UI大师\UIMaster\UIMasterProject\Library\ScriptAssemblies\Unity.2D.Animation.Editor.dll
Symbol file LoadedFromMemory is not a mono symbol file
Symbol file data-00000236B99C1A30 doesn't match image F:\Project\0423_UI大师\UIMaster\UIMasterProject\Library\ScriptAssemblies\Unity.2D.Tilemap.Editor.dll
Symbol file LoadedFromMemory is not a mono symbol file
Symbol file data-00000236B9BE1F80 doesn't match image F:\Project\0423_UI大师\UIMaster\UIMasterProject\Library\ScriptAssemblies\Unity.Localization.dll
Symbol file LoadedFromMemory is not a mono symbol file
Symbol file data-00000236B9C9FE60 doesn't match image F:\Project\0423_UI大师\UIMaster\UIMasterProject\Library\ScriptAssemblies\Unity.VisualStudio.Editor.dll
Symbol file LoadedFromMemory is not a mono symbol file
Symbol file data-00000236B9C11FA0 doesn't match image F:\Project\0423_UI大师\UIMaster\UIMasterProject\Library\ScriptAssemblies\UnityEngine.TestRunner.dll
Symbol file LoadedFromMemory is not a mono symbol file
Symbol file data-00000236B7F3DF60 doesn't match image F:\Project\0423_UI大师\UIMaster\UIMasterProject\Library\ScriptAssemblies\Unity.Timeline.dll
Symbol file LoadedFromMemory is not a mono symbol file
Symbol file data-00000236B7F3DF60 doesn't match image F:\Project\0423_UI大师\UIMaster\UIMasterProject\Library\ScriptAssemblies\Unity.VisualScripting.Core.Editor.dll
Symbol file LoadedFromMemory is not a mono symbol file
Symbol file data-00000236B7F3DF60 doesn't match image F:\Project\0423_UI大师\UIMaster\UIMasterProject\Library\ScriptAssemblies\Unity.TextMeshPro.dll
Symbol file LoadedFromMemory is not a mono symbol file
Symbol file data-00000236B9C9FE60 doesn't match image F:\Project\0423_UI大师\UIMaster\UIMasterProject\Library\ScriptAssemblies\Unity.Burst.Editor.dll
Symbol file LoadedFromMemory is not a mono symbol file
Symbol file data-00000236B84DB020 doesn't match image F:\Project\0423_UI大师\UIMaster\UIMasterProject\Library\ScriptAssemblies\Unity.2D.Sprite.Editor.dll
Symbol file LoadedFromMemory is not a mono symbol file
Symbol file data-00000236B84F8230 doesn't match image F:\Project\0423_UI大师\UIMaster\UIMasterProject\Library\ScriptAssemblies\Unity.2D.Psdimporter.Editor.dll
Symbol file LoadedFromMemory is not a mono symbol file
Symbol file data-00000236B88E1280 doesn't match image F:\Project\0423_UI大师\UIMaster\UIMasterProject\Library\ScriptAssemblies\UniversalSettings.Demo.dll
Symbol file LoadedFromMemory is not a mono symbol file
Symbol file data-00000236B8513C40 doesn't match image F:\Project\0423_UI大师\UIMaster\UIMasterProject\Library\ScriptAssemblies\Unity.ResourceManager.dll
Symbol file LoadedFromMemory is not a mono symbol file
Symbol file data-00000236B9E3F010 doesn't match image F:\Project\0423_UI大师\UIMaster\UIMasterProject\Library\ScriptAssemblies\Unity.VisualScripting.Flow.dll
Symbol file LoadedFromMemory is not a mono symbol file
Symbol file data-00000236B8AAD250 doesn't match image F:\Project\0423_UI大师\UIMaster\UIMasterProject\Library\ScriptAssemblies\Unity.InternalAPIEditorBridge.001.dll
Symbol file LoadedFromMemory is not a mono symbol file
Symbol file data-00000236B844D780 doesn't match image F:\Project\0423_UI大师\UIMaster\UIMasterProject\Library\ScriptAssemblies\Unity.PlasticSCM.Editor.dll
Symbol file LoadedFromMemory is not a mono symbol file
Symbol file data-00000236B7F87780 doesn't match image F:\Project\0423_UI大师\UIMaster\UIMasterProject\Library\ScriptAssemblies\Unity.2D.Tilemap.Extras.Editor.dll
Symbol file LoadedFromMemory is not a mono symbol file
Symbol file data-00000236B9CA3E70 doesn't match image F:\Project\0423_UI大师\UIMaster\UIMasterProject\Library\ScriptAssemblies\Unity.Services.Core.dll
Symbol file LoadedFromMemory is not a mono symbol file
Symbol file data-00000236B844D780 doesn't match image F:\Project\0423_UI大师\UIMaster\UIMasterProject\Library\ScriptAssemblies\Unity.VisualScripting.Core.dll
Symbol file LoadedFromMemory is not a mono symbol file
Symbol file data-00000236B7DC5620 doesn't match image F:\Project\0423_UI大师\UIMaster\UIMasterProject\Library\ScriptAssemblies\Unity.Mathematics.dll
Symbol file LoadedFromMemory is not a mono symbol file
Symbol file data-00000236B7F87780 doesn't match image F:\Project\0423_UI大师\UIMaster\UIMasterProject\Library\ScriptAssemblies\Unity.Services.Core.Editor.dll
Symbol file LoadedFromMemory is not a mono symbol file
Symbol file data-00000236B9CA3E70 doesn't match image F:\Project\0423_UI大师\UIMaster\UIMasterProject\Library\ScriptAssemblies\Unity.Services.Core.Analytics.dll
Symbol file LoadedFromMemory is not a mono symbol file
Symbol file data-00000236B845E390 doesn't match image F:\Project\0423_UI大师\UIMaster\UIMasterProject\Library\ScriptAssemblies\Unity.Burst.dll
Symbol file LoadedFromMemory is not a mono symbol file
Symbol file data-00000236B9CA3E70 doesn't match image F:\Project\0423_UI大师\UIMaster\UIMasterProject\Library\ScriptAssemblies\Unity.VisualScripting.Shared.Editor.dll
Symbol file LoadedFromMemory is not a mono symbol file
Symbol file data-00000236B9CA3E70 doesn't match image F:\Project\0423_UI大师\UIMaster\UIMasterProject\Library\ScriptAssemblies\Unity.Services.Core.Environments.dll
Symbol file LoadedFromMemory is not a mono symbol file
Symbol file data-00000236B7F87780 doesn't match image F:\Project\0423_UI大师\UIMaster\UIMasterProject\Library\ScriptAssemblies\Unity.2D.Animation.Runtime.dll
Symbol file LoadedFromMemory is not a mono symbol file
Symbol file data-00000236B7E27040 doesn't match image F:\Project\0423_UI大师\UIMaster\UIMasterProject\Library\ScriptAssemblies\Unity.2D.PixelPerfect.Editor.dll
Symbol file LoadedFromMemory is not a mono symbol file
Symbol file data-00000236B7E27040 doesn't match image F:\Project\0423_UI大师\UIMaster\UIMasterProject\Library\ScriptAssemblies\Unity.Services.Core.Scheduler.dll
Symbol file LoadedFromMemory is not a mono symbol file
Symbol file data-00000236B7E27040 doesn't match image F:\Project\0423_UI大师\UIMaster\UIMasterProject\Library\ScriptAssemblies\Unity.InternalAPIEngineBridge.013.dll
Symbol file LoadedFromMemory is not a mono symbol file
Symbol file data-00000236B9E3F010 doesn't match image F:\Project\0423_UI大师\UIMaster\UIMasterProject\Library\ScriptAssemblies\Unity.Timeline.Editor.dll
Symbol file LoadedFromMemory is not a mono symbol file
Symbol file data-00000236B7E27040 doesn't match image F:\Project\0423_UI大师\UIMaster\UIMasterProject\Library\ScriptAssemblies\Unity.InternalAPIEditorBridge.013.dll
Symbol file LoadedFromMemory is not a mono symbol file
Symbol file data-00000236B852A450 doesn't match image F:\Project\0423_UI大师\UIMaster\UIMasterProject\Library\ScriptAssemblies\Unity.2D.Common.Runtime.dll
Symbol file LoadedFromMemory is not a mono symbol file
Symbol file data-00000236B7E27040 doesn't match image F:\Project\0423_UI大师\UIMaster\UIMasterProject\Library\ScriptAssemblies\Unity.ScriptableBuildPipeline.dll
Symbol file LoadedFromMemory is not a mono symbol file
Symbol file data-00000236B852A450 doesn't match image F:\Project\0423_UI大师\UIMaster\UIMasterProject\Library\ScriptAssemblies\Unity.2D.SpriteShape.Editor.dll
Symbol file LoadedFromMemory is not a mono symbol file
Symbol file data-00000236B84827B0 doesn't match image F:\Project\0423_UI大师\UIMaster\UIMasterProject\Library\ScriptAssemblies\Unity.ScriptableBuildPipeline.Editor.dll
Symbol file LoadedFromMemory is not a mono symbol file
Symbol file data-00000236B84827B0 doesn't match image F:\Project\0423_UI大师\UIMaster\UIMasterProject\Library\ScriptAssemblies\Unity.2D.SpriteShape.Runtime.dll
Symbol file LoadedFromMemory is not a mono symbol file
Symbol file data-00000236B852A450 doesn't match image F:\Project\0423_UI大师\UIMaster\UIMasterProject\Library\ScriptAssemblies\Unity.VisualScripting.State.dll
Symbol file LoadedFromMemory is not a mono symbol file
Symbol file data-00000236B7E27040 doesn't match image F:\Project\0423_UI大师\UIMaster\UIMasterProject\Library\ScriptAssemblies\Unity.Services.Core.Device.dll
Symbol file LoadedFromMemory is not a mono symbol file
Symbol file data-00000236B7E27040 doesn't match image F:\Project\0423_UI大师\UIMaster\UIMasterProject\Library\ScriptAssemblies\UniversalSettings.Editor.dll
Symbol file LoadedFromMemory is not a mono symbol file
Symbol file LoadedFromMemory doesn't match image F:\Project\0423_UI大师\UIMaster\UIMasterProject\Library\PackageCache\com.unity.visualscripting@1.7.8\Editor\VisualScripting.Core\Dependencies\YamlDotNet\Unity.VisualScripting.YamlDotNet.dll
Symbol file LoadedFromMemory doesn't match image F:\Project\0423_UI大师\UIMaster\UIMasterProject\Library\PackageCache\com.unity.visualscripting@1.7.8\Editor\VisualScripting.Core\Dependencies\DotNetZip\Unity.VisualScripting.IonicZip.dll
Native extension for WindowsStandalone target not found
Native extension for Android target not found
<<<<<<< HEAD
Refreshing native plugins compatible for Editor in 128.10 ms, found 4 plugins.
Preloading 0 native plugins for Editor in 0.00 ms.
Mono: successfully reloaded assembly
- Completed reload, in  2.252 seconds
Domain Reload Profiling:
	ReloadAssembly (2253ms)
		BeginReloadAssembly (266ms)
			ExecutionOrderSort (0ms)
			DisableScriptedObjects (5ms)
			BackupInstance (0ms)
			ReleaseScriptingObjects (0ms)
			CreateAndSetChildDomain (21ms)
		EndReloadAssembly (1781ms)
			LoadAssemblies (284ms)
			RebuildTransferFunctionScriptingTraits (0ms)
			SetupTypeCache (297ms)
			ReleaseScriptCaches (1ms)
			RebuildScriptCaches (76ms)
			SetupLoadedEditorAssemblies (1032ms)
				LogAssemblyErrors (0ms)
				InitializePlatformSupportModulesInManaged (29ms)
				SetLoadedEditorAssemblies (0ms)
				RefreshPlugins (128ms)
				BeforeProcessingInitializeOnLoad (156ms)
				ProcessInitializeOnLoadAttributes (621ms)
				ProcessInitializeOnLoadMethodAttributes (42ms)
				AfterProcessingInitializeOnLoad (55ms)
				EditorAssembliesLoaded (0ms)
			ExecutionOrderSort2 (0ms)
			AwakeInstancesAfterBackupRestoration (12ms)
Platform modules already initialized, skipping
========================================================================
Worker process is ready to serve import requests
Launched and connected shader compiler UnityShaderCompiler.exe after 0.11 seconds
Refreshing native plugins compatible for Editor in 1.33 ms, found 4 plugins.
Preloading 0 native plugins for Editor in 0.00 ms.
Unloading 5522 Unused Serialized files (Serialized files now loaded: 0)
Unloading 49 unused Assets / (201.5 KB). Loaded Objects now: 5985.
Memory consumption went from 201.0 MB to 200.8 MB.
Total: 6.408600 ms (FindLiveObjects: 0.520500 ms CreateObjectMapping: 0.556300 ms MarkObjects: 5.156900 ms  DeleteObjects: 0.173000 ms)
=======
Refreshing native plugins compatible for Editor in 179.56 ms, found 4 plugins.
Preloading 0 native plugins for Editor in 0.00 ms.
Mono: successfully reloaded assembly
- Completed reload, in  2.558 seconds
Domain Reload Profiling:
	ReloadAssembly (2559ms)
		BeginReloadAssembly (320ms)
			ExecutionOrderSort (0ms)
			DisableScriptedObjects (6ms)
			BackupInstance (0ms)
			ReleaseScriptingObjects (0ms)
			CreateAndSetChildDomain (130ms)
		EndReloadAssembly (1977ms)
			LoadAssemblies (382ms)
			RebuildTransferFunctionScriptingTraits (0ms)
			SetupTypeCache (306ms)
			ReleaseScriptCaches (1ms)
			RebuildScriptCaches (65ms)
			SetupLoadedEditorAssemblies (1112ms)
				LogAssemblyErrors (0ms)
				InitializePlatformSupportModulesInManaged (32ms)
				SetLoadedEditorAssemblies (0ms)
				RefreshPlugins (180ms)
				BeforeProcessingInitializeOnLoad (230ms)
				ProcessInitializeOnLoadAttributes (574ms)
				ProcessInitializeOnLoadMethodAttributes (41ms)
				AfterProcessingInitializeOnLoad (55ms)
				EditorAssembliesLoaded (0ms)
			ExecutionOrderSort2 (0ms)
			AwakeInstancesAfterBackupRestoration (13ms)
Platform modules already initialized, skipping
========================================================================
Worker process is ready to serve import requests
Launched and connected shader compiler UnityShaderCompiler.exe after 0.08 seconds
Refreshing native plugins compatible for Editor in 1.06 ms, found 4 plugins.
Preloading 0 native plugins for Editor in 0.00 ms.
Unloading 5163 Unused Serialized files (Serialized files now loaded: 0)
Unloading 46 unused Assets / (202.0 KB). Loaded Objects now: 5626.
Memory consumption went from 186.1 MB to 185.9 MB.
Total: 4.549400 ms (FindLiveObjects: 0.373800 ms CreateObjectMapping: 0.579300 ms MarkObjects: 3.426900 ms  DeleteObjects: 0.168300 ms)
>>>>>>> main

AssetImportParameters requested are different than current active one (requested -> active):
  custom:video-decoder-ogg-theora: a1e56fd34408186e4bbccfd4996cb3dc -> 
  custom:container-muxer-webm: aa71ff27fc2769a1b78a27578f13a17b -> 
  custom:container-demuxer-webm: 4f35f7cbe854078d1ac9338744f61a02 -> 
  custom:video-encoder-webm-vp8: eb34c28f22e8b96e1ab97ce403110664 -> 
  custom:audio-encoder-webm-vorbis: bf7c407c2cedff20999df2af8eb42d56 -> 
  custom:framework-win-MediaFoundation: 216162199b28c13a410421893ffa2e32 -> 
  custom:container-demuxer-ogg: 62fdf1f143b41e24485cea50d1cbac27 -> 
  custom:video-decoder-webm-vp8: 9c59270c3fd7afecdb556c50c9e8de78 -> 
  custom:audio-decoder-ogg-vorbis: bf7c407c2cedff20999df2af8eb42d56 -> 
========================================================================
<<<<<<< HEAD
Received Prepare
Registering precompiled user dll's ...
Registered in 0.076849 seconds.
Begin MonoManager ReloadAssembly
Symbol file LoadedFromMemory doesn't match image F:\Project\0423_UI大师\UIMaster\UIMasterProject\Library\PackageCache\com.unity.visualscripting@1.7.8\Editor\VisualScripting.Core\Dependencies\YamlDotNet\Unity.VisualScripting.YamlDotNet.dll
Symbol file LoadedFromMemory doesn't match image F:\Project\0423_UI大师\UIMaster\UIMasterProject\Library\PackageCache\com.unity.visualscripting@1.7.8\Editor\VisualScripting.Core\Dependencies\DotNetZip\Unity.VisualScripting.IonicZip.dll
Native extension for WindowsStandalone target not found
Native extension for Android target not found
Refreshing native plugins compatible for Editor in 1.17 ms, found 4 plugins.
Preloading 0 native plugins for Editor in 0.00 ms.
Mono: successfully reloaded assembly
- Completed reload, in  2.075 seconds
Domain Reload Profiling:
	ReloadAssembly (2076ms)
		BeginReloadAssembly (301ms)
			ExecutionOrderSort (0ms)
			DisableScriptedObjects (6ms)
			BackupInstance (0ms)
			ReleaseScriptingObjects (0ms)
			CreateAndSetChildDomain (45ms)
		EndReloadAssembly (1505ms)
			LoadAssemblies (283ms)
			RebuildTransferFunctionScriptingTraits (0ms)
			SetupTypeCache (262ms)
			ReleaseScriptCaches (2ms)
			RebuildScriptCaches (49ms)
			SetupLoadedEditorAssemblies (796ms)
				LogAssemblyErrors (0ms)
				InitializePlatformSupportModulesInManaged (34ms)
				SetLoadedEditorAssemblies (0ms)
				RefreshPlugins (1ms)
				BeforeProcessingInitializeOnLoad (161ms)
				ProcessInitializeOnLoadAttributes (452ms)
				ProcessInitializeOnLoadMethodAttributes (55ms)
				AfterProcessingInitializeOnLoad (92ms)
				EditorAssembliesLoaded (0ms)
			ExecutionOrderSort2 (0ms)
			AwakeInstancesAfterBackupRestoration (50ms)
Platform modules already initialized, skipping
Refreshing native plugins compatible for Editor in 8.64 ms, found 4 plugins.
Preloading 0 native plugins for Editor in 0.00 ms.
Unloading 5438 Unused Serialized files (Serialized files now loaded: 0)
Unloading 34 unused Assets / (166.5 KB). Loaded Objects now: 5988.
Memory consumption went from 198.1 MB to 198.0 MB.
Total: 5.126600 ms (FindLiveObjects: 0.534800 ms CreateObjectMapping: 0.230900 ms MarkObjects: 4.185000 ms  DeleteObjects: 0.174500 ms)

AssetImportParameters requested are different than current active one (requested -> active):
  custom:video-decoder-ogg-theora: a1e56fd34408186e4bbccfd4996cb3dc -> 
  custom:container-muxer-webm: aa71ff27fc2769a1b78a27578f13a17b -> 
  custom:container-demuxer-webm: 4f35f7cbe854078d1ac9338744f61a02 -> 
  custom:video-encoder-webm-vp8: eb34c28f22e8b96e1ab97ce403110664 -> 
  custom:audio-encoder-webm-vorbis: bf7c407c2cedff20999df2af8eb42d56 -> 
  custom:framework-win-MediaFoundation: 216162199b28c13a410421893ffa2e32 -> 
  custom:container-demuxer-ogg: 62fdf1f143b41e24485cea50d1cbac27 -> 
  custom:video-decoder-webm-vp8: 9c59270c3fd7afecdb556c50c9e8de78 -> 
  custom:audio-decoder-ogg-vorbis: bf7c407c2cedff20999df2af8eb42d56 -> 
Editor requested this worker to shutdown with reason: Scaling down because of idle timeout
AssetImportWorker is now disconnected from the server
Process exiting
Exiting without the bug reporter. Application will terminate with return code 0
=======
Received Import Request.
  Time since last request: 1388366.062922 seconds.
  path: Assets/UI-Master/8.Data/AchievementData/AchievementInfo.asset
  artifactKey: Guid(5b9f4e4b90411064d9aa272ea074c28f) Importer(815301076,1909f56bfc062723c751e8b465ee728b)
Start importing Assets/UI-Master/8.Data/AchievementData/AchievementInfo.asset using Guid(5b9f4e4b90411064d9aa272ea074c28f) Importer(815301076,1909f56bfc062723c751e8b465ee728b)  -> (artifact id: '89930558eda955be28736908d3fd6170') in 0.050410 seconds 
>>>>>>> main
